testing Engine io_uring Dev /dev/nvme0n1 Jobs 1 TargetIOPS 1000 Polling 0
== Engine io_uring Dev /dev/nvme0n1 Jobs 1 TargetIOPS 1000 1000 Polling 0 ==
testing Engine io_uring Dev /dev/nvme0n1 Jobs 1 TargetIOPS 1000 1000 Polling 1
== Engine io_uring Dev /dev/nvme0n1 Jobs 1 TargetIOPS 1000 1000 Polling 1 ==
testing Engine io_uring Dev /dev/nvme0n1 Jobs 1 TargetIOPS 600000 Polling 0
== Engine io_uring Dev /dev/nvme0n1 Jobs 1 TargetIOPS 600000 600000 Polling 0 ==
testing Engine io_uring Dev /dev/nvme0n1 Jobs 1 TargetIOPS 600000 600000 Polling 1
== Engine io_uring Dev /dev/nvme0n1 Jobs 1 TargetIOPS 600000 600000 Polling 1 ==
testing Engine io_uring Dev /dev/nvme0n1 Jobs 1 TargetIOPS 200000 Polling 0
== Engine io_uring Dev /dev/nvme0n1 Jobs 1 TargetIOPS 200000 200000 Polling 0 ==
testing Engine io_uring Dev /dev/nvme0n1 Jobs 1 TargetIOPS 200000 200000 Polling 1
== Engine io_uring Dev /dev/nvme0n1 Jobs 1 TargetIOPS 200000 200000 Polling 1 ==
testing Engine io_uring Dev /dev/nvme0n1 Jobs 1 TargetIOPS 400000 Polling 0
== Engine io_uring Dev /dev/nvme0n1 Jobs 1 TargetIOPS 400000 400000 Polling 0 ==
testing Engine io_uring Dev /dev/nvme0n1 Jobs 1 TargetIOPS 400000 400000 Polling 1
== Engine io_uring Dev /dev/nvme0n1 Jobs 1 TargetIOPS 400000 400000 Polling 1 ==
testing Engine io_uring Dev /dev/nvme0n1 Jobs 1 TargetIOPS 100000 Polling 0
== Engine io_uring Dev /dev/nvme0n1 Jobs 1 TargetIOPS 100000 100000 Polling 0 ==
testing Engine io_uring Dev /dev/nvme0n1 Jobs 1 TargetIOPS 100000 100000 Polling 1
== Engine io_uring Dev /dev/nvme0n1 Jobs 1 TargetIOPS 100000 100000 Polling 1 ==
testing Engine io_uring Dev /dev/nvme0n1 Jobs 1 TargetIOPS 200000 Polling 0
== Engine io_uring Dev /dev/nvme0n1 Jobs 1 TargetIOPS 200000 200000 Polling 0 ==
testing Engine io_uring Dev /dev/nvme0n1 Jobs 1 TargetIOPS 200000 200000 Polling 1
== Engine io_uring Dev /dev/nvme0n1 Jobs 1 TargetIOPS 200000 200000 Polling 1 ==
testing Engine io_uring Dev /dev/nvme0n1 Jobs 1 TargetIOPS 300000 Polling 0
== Engine io_uring Dev /dev/nvme0n1 Jobs 1 TargetIOPS 300000 300000 Polling 0 ==
testing Engine io_uring Dev /dev/nvme0n1 Jobs 1 TargetIOPS 300000 300000 Polling 1
== Engine io_uring Dev /dev/nvme0n1 Jobs 1 TargetIOPS 300000 300000 Polling 1 ==
testing Engine io_uring Dev /dev/nvme0n1 Jobs 1 TargetIOPS 700000 Polling 0
== Engine io_uring Dev /dev/nvme0n1 Jobs 1 TargetIOPS 700000 700000 Polling 0 ==
testing Engine io_uring Dev /dev/nvme0n1 Jobs 1 TargetIOPS 700000 700000 Polling 1
== Engine io_uring Dev /dev/nvme0n1 Jobs 1 TargetIOPS 700000 700000 Polling 1 ==
testing Engine io_uring Dev /dev/nvme0n1 Jobs 2 TargetIOPS 1000 Polling 0
== Engine io_uring Dev /dev/nvme0n1 Jobs 2 TargetIOPS 1000 500 Polling 0 ==
testing Engine io_uring Dev /dev/nvme0n1 Jobs 2 TargetIOPS 1000 500 Polling 1
== Engine io_uring Dev /dev/nvme0n1 Jobs 2 TargetIOPS 1000 500 Polling 1 ==
testing Engine io_uring Dev /dev/nvme0n1 Jobs 2 TargetIOPS 600000 Polling 0
== Engine io_uring Dev /dev/nvme0n1 Jobs 2 TargetIOPS 600000 300000 Polling 0 ==
testing Engine io_uring Dev /dev/nvme0n1 Jobs 2 TargetIOPS 600000 300000 Polling 1
== Engine io_uring Dev /dev/nvme0n1 Jobs 2 TargetIOPS 600000 300000 Polling 1 ==
testing Engine io_uring Dev /dev/nvme0n1 Jobs 2 TargetIOPS 200000 Polling 0
== Engine io_uring Dev /dev/nvme0n1 Jobs 2 TargetIOPS 200000 100000 Polling 0 ==
testing Engine io_uring Dev /dev/nvme0n1 Jobs 2 TargetIOPS 200000 100000 Polling 1
== Engine io_uring Dev /dev/nvme0n1 Jobs 2 TargetIOPS 200000 100000 Polling 1 ==
testing Engine io_uring Dev /dev/nvme0n1 Jobs 2 TargetIOPS 400000 Polling 0
== Engine io_uring Dev /dev/nvme0n1 Jobs 2 TargetIOPS 400000 200000 Polling 0 ==
testing Engine io_uring Dev /dev/nvme0n1 Jobs 2 TargetIOPS 400000 200000 Polling 1
== Engine io_uring Dev /dev/nvme0n1 Jobs 2 TargetIOPS 400000 200000 Polling 1 ==
testing Engine io_uring Dev /dev/nvme0n1 Jobs 2 TargetIOPS 100000 Polling 0
== Engine io_uring Dev /dev/nvme0n1 Jobs 2 TargetIOPS 100000 50000 Polling 0 ==
testing Engine io_uring Dev /dev/nvme0n1 Jobs 2 TargetIOPS 100000 50000 Polling 1
== Engine io_uring Dev /dev/nvme0n1 Jobs 2 TargetIOPS 100000 50000 Polling 1 ==
testing Engine io_uring Dev /dev/nvme0n1 Jobs 2 TargetIOPS 200000 Polling 0
== Engine io_uring Dev /dev/nvme0n1 Jobs 2 TargetIOPS 200000 100000 Polling 0 ==
testing Engine io_uring Dev /dev/nvme0n1 Jobs 2 TargetIOPS 200000 100000 Polling 1
== Engine io_uring Dev /dev/nvme0n1 Jobs 2 TargetIOPS 200000 100000 Polling 1 ==
testing Engine io_uring Dev /dev/nvme0n1 Jobs 2 TargetIOPS 300000 Polling 0
== Engine io_uring Dev /dev/nvme0n1 Jobs 2 TargetIOPS 300000 150000 Polling 0 ==
testing Engine io_uring Dev /dev/nvme0n1 Jobs 2 TargetIOPS 300000 150000 Polling 1
== Engine io_uring Dev /dev/nvme0n1 Jobs 2 TargetIOPS 300000 150000 Polling 1 ==
testing Engine io_uring Dev /dev/nvme0n1 Jobs 2 TargetIOPS 700000 Polling 0
== Engine io_uring Dev /dev/nvme0n1 Jobs 2 TargetIOPS 700000 350000 Polling 0 ==
testing Engine io_uring Dev /dev/nvme0n1 Jobs 2 TargetIOPS 700000 350000 Polling 1
== Engine io_uring Dev /dev/nvme0n1 Jobs 2 TargetIOPS 700000 350000 Polling 1 ==
testing Engine io_uring Dev /dev/nvme0n1 Jobs 3 TargetIOPS 1000 Polling 0
== Engine io_uring Dev /dev/nvme0n1 Jobs 3 TargetIOPS 1000 333 Polling 0 ==
testing Engine io_uring Dev /dev/nvme0n1 Jobs 3 TargetIOPS 1000 333 Polling 1
== Engine io_uring Dev /dev/nvme0n1 Jobs 3 TargetIOPS 1000 333 Polling 1 ==
testing Engine io_uring Dev /dev/nvme0n1 Jobs 3 TargetIOPS 600000 Polling 0
== Engine io_uring Dev /dev/nvme0n1 Jobs 3 TargetIOPS 600000 200000 Polling 0 ==
testing Engine io_uring Dev /dev/nvme0n1 Jobs 3 TargetIOPS 600000 200000 Polling 1
== Engine io_uring Dev /dev/nvme0n1 Jobs 3 TargetIOPS 600000 200000 Polling 1 ==
testing Engine io_uring Dev /dev/nvme0n1 Jobs 3 TargetIOPS 200000 Polling 0
== Engine io_uring Dev /dev/nvme0n1 Jobs 3 TargetIOPS 200000 66666 Polling 0 ==
testing Engine io_uring Dev /dev/nvme0n1 Jobs 3 TargetIOPS 200000 66666 Polling 1
== Engine io_uring Dev /dev/nvme0n1 Jobs 3 TargetIOPS 200000 66666 Polling 1 ==
testing Engine io_uring Dev /dev/nvme0n1 Jobs 3 TargetIOPS 400000 Polling 0
== Engine io_uring Dev /dev/nvme0n1 Jobs 3 TargetIOPS 400000 133333 Polling 0 ==
testing Engine io_uring Dev /dev/nvme0n1 Jobs 3 TargetIOPS 400000 133333 Polling 1
== Engine io_uring Dev /dev/nvme0n1 Jobs 3 TargetIOPS 400000 133333 Polling 1 ==
testing Engine io_uring Dev /dev/nvme0n1 Jobs 3 TargetIOPS 100000 Polling 0
== Engine io_uring Dev /dev/nvme0n1 Jobs 3 TargetIOPS 100000 33333 Polling 0 ==
testing Engine io_uring Dev /dev/nvme0n1 Jobs 3 TargetIOPS 100000 33333 Polling 1
== Engine io_uring Dev /dev/nvme0n1 Jobs 3 TargetIOPS 100000 33333 Polling 1 ==
testing Engine io_uring Dev /dev/nvme0n1 Jobs 3 TargetIOPS 200000 Polling 0
== Engine io_uring Dev /dev/nvme0n1 Jobs 3 TargetIOPS 200000 66666 Polling 0 ==
testing Engine io_uring Dev /dev/nvme0n1 Jobs 3 TargetIOPS 200000 66666 Polling 1
== Engine io_uring Dev /dev/nvme0n1 Jobs 3 TargetIOPS 200000 66666 Polling 1 ==
testing Engine io_uring Dev /dev/nvme0n1 Jobs 3 TargetIOPS 300000 Polling 0
== Engine io_uring Dev /dev/nvme0n1 Jobs 3 TargetIOPS 300000 100000 Polling 0 ==
testing Engine io_uring Dev /dev/nvme0n1 Jobs 3 TargetIOPS 300000 100000 Polling 1
== Engine io_uring Dev /dev/nvme0n1 Jobs 3 TargetIOPS 300000 100000 Polling 1 ==
testing Engine io_uring Dev /dev/nvme0n1 Jobs 3 TargetIOPS 700000 Polling 0
== Engine io_uring Dev /dev/nvme0n1 Jobs 3 TargetIOPS 700000 233333 Polling 0 ==
testing Engine io_uring Dev /dev/nvme0n1 Jobs 3 TargetIOPS 700000 233333 Polling 1
== Engine io_uring Dev /dev/nvme0n1 Jobs 3 TargetIOPS 700000 233333 Polling 1 ==
testing Engine io_uring Dev /dev/nvme0n1 Jobs 4 TargetIOPS 1000 Polling 0
== Engine io_uring Dev /dev/nvme0n1 Jobs 4 TargetIOPS 1000 250 Polling 0 ==
testing Engine io_uring Dev /dev/nvme0n1 Jobs 4 TargetIOPS 1000 250 Polling 1
== Engine io_uring Dev /dev/nvme0n1 Jobs 4 TargetIOPS 1000 250 Polling 1 ==
testing Engine io_uring Dev /dev/nvme0n1 Jobs 4 TargetIOPS 600000 Polling 0
== Engine io_uring Dev /dev/nvme0n1 Jobs 4 TargetIOPS 600000 150000 Polling 0 ==
testing Engine io_uring Dev /dev/nvme0n1 Jobs 4 TargetIOPS 600000 150000 Polling 1
== Engine io_uring Dev /dev/nvme0n1 Jobs 4 TargetIOPS 600000 150000 Polling 1 ==
testing Engine io_uring Dev /dev/nvme0n1 Jobs 4 TargetIOPS 200000 Polling 0
== Engine io_uring Dev /dev/nvme0n1 Jobs 4 TargetIOPS 200000 50000 Polling 0 ==
testing Engine io_uring Dev /dev/nvme0n1 Jobs 4 TargetIOPS 200000 50000 Polling 1
== Engine io_uring Dev /dev/nvme0n1 Jobs 4 TargetIOPS 200000 50000 Polling 1 ==
testing Engine io_uring Dev /dev/nvme0n1 Jobs 4 TargetIOPS 400000 Polling 0
== Engine io_uring Dev /dev/nvme0n1 Jobs 4 TargetIOPS 400000 100000 Polling 0 ==
testing Engine io_uring Dev /dev/nvme0n1 Jobs 4 TargetIOPS 400000 100000 Polling 1
== Engine io_uring Dev /dev/nvme0n1 Jobs 4 TargetIOPS 400000 100000 Polling 1 ==
testing Engine io_uring Dev /dev/nvme0n1 Jobs 4 TargetIOPS 100000 Polling 0
== Engine io_uring Dev /dev/nvme0n1 Jobs 4 TargetIOPS 100000 25000 Polling 0 ==
testing Engine io_uring Dev /dev/nvme0n1 Jobs 4 TargetIOPS 100000 25000 Polling 1
== Engine io_uring Dev /dev/nvme0n1 Jobs 4 TargetIOPS 100000 25000 Polling 1 ==
testing Engine io_uring Dev /dev/nvme0n1 Jobs 4 TargetIOPS 200000 Polling 0
== Engine io_uring Dev /dev/nvme0n1 Jobs 4 TargetIOPS 200000 50000 Polling 0 ==
testing Engine io_uring Dev /dev/nvme0n1 Jobs 4 TargetIOPS 200000 50000 Polling 1
== Engine io_uring Dev /dev/nvme0n1 Jobs 4 TargetIOPS 200000 50000 Polling 1 ==
testing Engine io_uring Dev /dev/nvme0n1 Jobs 4 TargetIOPS 300000 Polling 0
== Engine io_uring Dev /dev/nvme0n1 Jobs 4 TargetIOPS 300000 75000 Polling 0 ==
testing Engine io_uring Dev /dev/nvme0n1 Jobs 4 TargetIOPS 300000 75000 Polling 1
== Engine io_uring Dev /dev/nvme0n1 Jobs 4 TargetIOPS 300000 75000 Polling 1 ==
testing Engine io_uring Dev /dev/nvme0n1 Jobs 4 TargetIOPS 700000 Polling 0
== Engine io_uring Dev /dev/nvme0n1 Jobs 4 TargetIOPS 700000 175000 Polling 0 ==
testing Engine io_uring Dev /dev/nvme0n1 Jobs 4 TargetIOPS 700000 175000 Polling 1
== Engine io_uring Dev /dev/nvme0n1 Jobs 4 TargetIOPS 700000 175000 Polling 1 ==
testing Engine io_uring Dev /dev/nvme0n1 Jobs 5 TargetIOPS 1000 Polling 0
== Engine io_uring Dev /dev/nvme0n1 Jobs 5 TargetIOPS 1000 200 Polling 0 ==
testing Engine io_uring Dev /dev/nvme0n1 Jobs 5 TargetIOPS 1000 200 Polling 1
== Engine io_uring Dev /dev/nvme0n1 Jobs 5 TargetIOPS 1000 200 Polling 1 ==
testing Engine io_uring Dev /dev/nvme0n1 Jobs 5 TargetIOPS 600000 Polling 0
== Engine io_uring Dev /dev/nvme0n1 Jobs 5 TargetIOPS 600000 120000 Polling 0 ==
testing Engine io_uring Dev /dev/nvme0n1 Jobs 5 TargetIOPS 600000 120000 Polling 1
== Engine io_uring Dev /dev/nvme0n1 Jobs 5 TargetIOPS 600000 120000 Polling 1 ==
testing Engine io_uring Dev /dev/nvme0n1 Jobs 5 TargetIOPS 200000 Polling 0
== Engine io_uring Dev /dev/nvme0n1 Jobs 5 TargetIOPS 200000 40000 Polling 0 ==
testing Engine io_uring Dev /dev/nvme0n1 Jobs 5 TargetIOPS 200000 40000 Polling 1
== Engine io_uring Dev /dev/nvme0n1 Jobs 5 TargetIOPS 200000 40000 Polling 1 ==
testing Engine io_uring Dev /dev/nvme0n1 Jobs 5 TargetIOPS 400000 Polling 0
== Engine io_uring Dev /dev/nvme0n1 Jobs 5 TargetIOPS 400000 80000 Polling 0 ==
testing Engine io_uring Dev /dev/nvme0n1 Jobs 5 TargetIOPS 400000 80000 Polling 1
== Engine io_uring Dev /dev/nvme0n1 Jobs 5 TargetIOPS 400000 80000 Polling 1 ==
testing Engine io_uring Dev /dev/nvme0n1 Jobs 5 TargetIOPS 100000 Polling 0
== Engine io_uring Dev /dev/nvme0n1 Jobs 5 TargetIOPS 100000 20000 Polling 0 ==
testing Engine io_uring Dev /dev/nvme0n1 Jobs 5 TargetIOPS 100000 20000 Polling 1
== Engine io_uring Dev /dev/nvme0n1 Jobs 5 TargetIOPS 100000 20000 Polling 1 ==
testing Engine io_uring Dev /dev/nvme0n1 Jobs 5 TargetIOPS 200000 Polling 0
== Engine io_uring Dev /dev/nvme0n1 Jobs 5 TargetIOPS 200000 40000 Polling 0 ==
testing Engine io_uring Dev /dev/nvme0n1 Jobs 5 TargetIOPS 200000 40000 Polling 1
== Engine io_uring Dev /dev/nvme0n1 Jobs 5 TargetIOPS 200000 40000 Polling 1 ==
testing Engine io_uring Dev /dev/nvme0n1 Jobs 5 TargetIOPS 300000 Polling 0
== Engine io_uring Dev /dev/nvme0n1 Jobs 5 TargetIOPS 300000 60000 Polling 0 ==
testing Engine io_uring Dev /dev/nvme0n1 Jobs 5 TargetIOPS 300000 60000 Polling 1
== Engine io_uring Dev /dev/nvme0n1 Jobs 5 TargetIOPS 300000 60000 Polling 1 ==
testing Engine io_uring Dev /dev/nvme0n1 Jobs 5 TargetIOPS 700000 Polling 0
== Engine io_uring Dev /dev/nvme0n1 Jobs 5 TargetIOPS 700000 140000 Polling 0 ==
testing Engine io_uring Dev /dev/nvme0n1 Jobs 5 TargetIOPS 700000 140000 Polling 1
== Engine io_uring Dev /dev/nvme0n1 Jobs 5 TargetIOPS 700000 140000 Polling 1 ==
testing Engine io_uring Dev /dev/nvme0n1 Jobs 6 TargetIOPS 1000 Polling 0
== Engine io_uring Dev /dev/nvme0n1 Jobs 6 TargetIOPS 1000 166 Polling 0 ==
testing Engine io_uring Dev /dev/nvme0n1 Jobs 6 TargetIOPS 1000 166 Polling 1
== Engine io_uring Dev /dev/nvme0n1 Jobs 6 TargetIOPS 1000 166 Polling 1 ==
testing Engine io_uring Dev /dev/nvme0n1 Jobs 6 TargetIOPS 600000 Polling 0
== Engine io_uring Dev /dev/nvme0n1 Jobs 6 TargetIOPS 600000 100000 Polling 0 ==
testing Engine io_uring Dev /dev/nvme0n1 Jobs 6 TargetIOPS 600000 100000 Polling 1
== Engine io_uring Dev /dev/nvme0n1 Jobs 6 TargetIOPS 600000 100000 Polling 1 ==
testing Engine io_uring Dev /dev/nvme0n1 Jobs 6 TargetIOPS 200000 Polling 0
== Engine io_uring Dev /dev/nvme0n1 Jobs 6 TargetIOPS 200000 33333 Polling 0 ==
testing Engine io_uring Dev /dev/nvme0n1 Jobs 6 TargetIOPS 200000 33333 Polling 1
== Engine io_uring Dev /dev/nvme0n1 Jobs 6 TargetIOPS 200000 33333 Polling 1 ==
testing Engine io_uring Dev /dev/nvme0n1 Jobs 6 TargetIOPS 400000 Polling 0
== Engine io_uring Dev /dev/nvme0n1 Jobs 6 TargetIOPS 400000 66666 Polling 0 ==
testing Engine io_uring Dev /dev/nvme0n1 Jobs 6 TargetIOPS 400000 66666 Polling 1
== Engine io_uring Dev /dev/nvme0n1 Jobs 6 TargetIOPS 400000 66666 Polling 1 ==
testing Engine io_uring Dev /dev/nvme0n1 Jobs 6 TargetIOPS 100000 Polling 0
== Engine io_uring Dev /dev/nvme0n1 Jobs 6 TargetIOPS 100000 16666 Polling 0 ==
testing Engine io_uring Dev /dev/nvme0n1 Jobs 6 TargetIOPS 100000 16666 Polling 1
== Engine io_uring Dev /dev/nvme0n1 Jobs 6 TargetIOPS 100000 16666 Polling 1 ==
testing Engine io_uring Dev /dev/nvme0n1 Jobs 6 TargetIOPS 200000 Polling 0
== Engine io_uring Dev /dev/nvme0n1 Jobs 6 TargetIOPS 200000 33333 Polling 0 ==
testing Engine io_uring Dev /dev/nvme0n1 Jobs 6 TargetIOPS 200000 33333 Polling 1
== Engine io_uring Dev /dev/nvme0n1 Jobs 6 TargetIOPS 200000 33333 Polling 1 ==
testing Engine io_uring Dev /dev/nvme0n1 Jobs 6 TargetIOPS 300000 Polling 0
== Engine io_uring Dev /dev/nvme0n1 Jobs 6 TargetIOPS 300000 50000 Polling 0 ==
testing Engine io_uring Dev /dev/nvme0n1 Jobs 6 TargetIOPS 300000 50000 Polling 1
== Engine io_uring Dev /dev/nvme0n1 Jobs 6 TargetIOPS 300000 50000 Polling 1 ==
testing Engine io_uring Dev /dev/nvme0n1 Jobs 6 TargetIOPS 700000 Polling 0
== Engine io_uring Dev /dev/nvme0n1 Jobs 6 TargetIOPS 700000 116666 Polling 0 ==
testing Engine io_uring Dev /dev/nvme0n1 Jobs 6 TargetIOPS 700000 116666 Polling 1
== Engine io_uring Dev /dev/nvme0n1 Jobs 6 TargetIOPS 700000 116666 Polling 1 ==
testing Engine io_uring Dev /dev/nvme0n1 Jobs 7 TargetIOPS 1000 Polling 0
== Engine io_uring Dev /dev/nvme0n1 Jobs 7 TargetIOPS 1000 142 Polling 0 ==
testing Engine io_uring Dev /dev/nvme0n1 Jobs 7 TargetIOPS 1000 142 Polling 1
== Engine io_uring Dev /dev/nvme0n1 Jobs 7 TargetIOPS 1000 142 Polling 1 ==
testing Engine io_uring Dev /dev/nvme0n1 Jobs 7 TargetIOPS 600000 Polling 0
== Engine io_uring Dev /dev/nvme0n1 Jobs 7 TargetIOPS 600000 85714 Polling 0 ==
testing Engine io_uring Dev /dev/nvme0n1 Jobs 7 TargetIOPS 600000 85714 Polling 1
== Engine io_uring Dev /dev/nvme0n1 Jobs 7 TargetIOPS 600000 85714 Polling 1 ==
testing Engine io_uring Dev /dev/nvme0n1 Jobs 7 TargetIOPS 200000 Polling 0
== Engine io_uring Dev /dev/nvme0n1 Jobs 7 TargetIOPS 200000 28571 Polling 0 ==
testing Engine io_uring Dev /dev/nvme0n1 Jobs 7 TargetIOPS 200000 28571 Polling 1
== Engine io_uring Dev /dev/nvme0n1 Jobs 7 TargetIOPS 200000 28571 Polling 1 ==
testing Engine io_uring Dev /dev/nvme0n1 Jobs 7 TargetIOPS 400000 Polling 0
== Engine io_uring Dev /dev/nvme0n1 Jobs 7 TargetIOPS 400000 57142 Polling 0 ==
testing Engine io_uring Dev /dev/nvme0n1 Jobs 7 TargetIOPS 400000 57142 Polling 1
== Engine io_uring Dev /dev/nvme0n1 Jobs 7 TargetIOPS 400000 57142 Polling 1 ==
testing Engine io_uring Dev /dev/nvme0n1 Jobs 7 TargetIOPS 100000 Polling 0
== Engine io_uring Dev /dev/nvme0n1 Jobs 7 TargetIOPS 100000 14285 Polling 0 ==
testing Engine io_uring Dev /dev/nvme0n1 Jobs 7 TargetIOPS 100000 14285 Polling 1
== Engine io_uring Dev /dev/nvme0n1 Jobs 7 TargetIOPS 100000 14285 Polling 1 ==
testing Engine io_uring Dev /dev/nvme0n1 Jobs 7 TargetIOPS 200000 Polling 0
== Engine io_uring Dev /dev/nvme0n1 Jobs 7 TargetIOPS 200000 28571 Polling 0 ==
testing Engine io_uring Dev /dev/nvme0n1 Jobs 7 TargetIOPS 200000 28571 Polling 1
== Engine io_uring Dev /dev/nvme0n1 Jobs 7 TargetIOPS 200000 28571 Polling 1 ==
testing Engine io_uring Dev /dev/nvme0n1 Jobs 7 TargetIOPS 300000 Polling 0
== Engine io_uring Dev /dev/nvme0n1 Jobs 7 TargetIOPS 300000 42857 Polling 0 ==
testing Engine io_uring Dev /dev/nvme0n1 Jobs 7 TargetIOPS 300000 42857 Polling 1
== Engine io_uring Dev /dev/nvme0n1 Jobs 7 TargetIOPS 300000 42857 Polling 1 ==
testing Engine io_uring Dev /dev/nvme0n1 Jobs 7 TargetIOPS 700000 Polling 0
== Engine io_uring Dev /dev/nvme0n1 Jobs 7 TargetIOPS 700000 100000 Polling 0 ==
testing Engine io_uring Dev /dev/nvme0n1 Jobs 7 TargetIOPS 700000 100000 Polling 1
== Engine io_uring Dev /dev/nvme0n1 Jobs 7 TargetIOPS 700000 100000 Polling 1 ==
testing Engine io_uring Dev /dev/nvme0n1 Jobs 8 TargetIOPS 1000 Polling 0
== Engine io_uring Dev /dev/nvme0n1 Jobs 8 TargetIOPS 1000 125 Polling 0 ==
testing Engine io_uring Dev /dev/nvme0n1 Jobs 8 TargetIOPS 1000 125 Polling 1
== Engine io_uring Dev /dev/nvme0n1 Jobs 8 TargetIOPS 1000 125 Polling 1 ==
testing Engine io_uring Dev /dev/nvme0n1 Jobs 8 TargetIOPS 600000 Polling 0
== Engine io_uring Dev /dev/nvme0n1 Jobs 8 TargetIOPS 600000 75000 Polling 0 ==
testing Engine io_uring Dev /dev/nvme0n1 Jobs 8 TargetIOPS 600000 75000 Polling 1
== Engine io_uring Dev /dev/nvme0n1 Jobs 8 TargetIOPS 600000 75000 Polling 1 ==
testing Engine io_uring Dev /dev/nvme0n1 Jobs 8 TargetIOPS 200000 Polling 0
== Engine io_uring Dev /dev/nvme0n1 Jobs 8 TargetIOPS 200000 25000 Polling 0 ==
testing Engine io_uring Dev /dev/nvme0n1 Jobs 8 TargetIOPS 200000 25000 Polling 1
== Engine io_uring Dev /dev/nvme0n1 Jobs 8 TargetIOPS 200000 25000 Polling 1 ==
testing Engine io_uring Dev /dev/nvme0n1 Jobs 8 TargetIOPS 400000 Polling 0
== Engine io_uring Dev /dev/nvme0n1 Jobs 8 TargetIOPS 400000 50000 Polling 0 ==
testing Engine io_uring Dev /dev/nvme0n1 Jobs 8 TargetIOPS 400000 50000 Polling 1
== Engine io_uring Dev /dev/nvme0n1 Jobs 8 TargetIOPS 400000 50000 Polling 1 ==
testing Engine io_uring Dev /dev/nvme0n1 Jobs 8 TargetIOPS 100000 Polling 0
== Engine io_uring Dev /dev/nvme0n1 Jobs 8 TargetIOPS 100000 12500 Polling 0 ==
testing Engine io_uring Dev /dev/nvme0n1 Jobs 8 TargetIOPS 100000 12500 Polling 1
== Engine io_uring Dev /dev/nvme0n1 Jobs 8 TargetIOPS 100000 12500 Polling 1 ==
testing Engine io_uring Dev /dev/nvme0n1 Jobs 8 TargetIOPS 200000 Polling 0
== Engine io_uring Dev /dev/nvme0n1 Jobs 8 TargetIOPS 200000 25000 Polling 0 ==
testing Engine io_uring Dev /dev/nvme0n1 Jobs 8 TargetIOPS 200000 25000 Polling 1
== Engine io_uring Dev /dev/nvme0n1 Jobs 8 TargetIOPS 200000 25000 Polling 1 ==
testing Engine io_uring Dev /dev/nvme0n1 Jobs 8 TargetIOPS 300000 Polling 0
== Engine io_uring Dev /dev/nvme0n1 Jobs 8 TargetIOPS 300000 37500 Polling 0 ==
testing Engine io_uring Dev /dev/nvme0n1 Jobs 8 TargetIOPS 300000 37500 Polling 1
== Engine io_uring Dev /dev/nvme0n1 Jobs 8 TargetIOPS 300000 37500 Polling 1 ==
testing Engine io_uring Dev /dev/nvme0n1 Jobs 8 TargetIOPS 700000 Polling 0
== Engine io_uring Dev /dev/nvme0n1 Jobs 8 TargetIOPS 700000 87500 Polling 0 ==
testing Engine io_uring Dev /dev/nvme0n1 Jobs 8 TargetIOPS 700000 87500 Polling 1
== Engine io_uring Dev /dev/nvme0n1 Jobs 8 TargetIOPS 700000 87500 Polling 1 ==
testing Engine spdk Dev /dev/nvme0n1 Jobs 1 TargetIOPS 1000 Polling 0
== Engine spdk Dev /dev/nvme0n1 Jobs 1 TargetIOPS 1000 1000 Polling 0 ==
testing Engine spdk Dev /dev/nvme0n1 Jobs 1 TargetIOPS 1000 1000 Polling 1
testing Engine spdk Dev /dev/nvme0n1 Jobs 1 TargetIOPS 600000 Polling 0
== Engine spdk Dev /dev/nvme0n1 Jobs 1 TargetIOPS 600000 600000 Polling 0 ==
testing Engine spdk Dev /dev/nvme0n1 Jobs 1 TargetIOPS 600000 600000 Polling 1
testing Engine spdk Dev /dev/nvme0n1 Jobs 1 TargetIOPS 200000 Polling 0
== Engine spdk Dev /dev/nvme0n1 Jobs 1 TargetIOPS 200000 200000 Polling 0 ==
testing Engine spdk Dev /dev/nvme0n1 Jobs 1 TargetIOPS 200000 200000 Polling 1
testing Engine spdk Dev /dev/nvme0n1 Jobs 1 TargetIOPS 400000 Polling 0
== Engine spdk Dev /dev/nvme0n1 Jobs 1 TargetIOPS 400000 400000 Polling 0 ==
testing Engine spdk Dev /dev/nvme0n1 Jobs 1 TargetIOPS 400000 400000 Polling 1
testing Engine spdk Dev /dev/nvme0n1 Jobs 1 TargetIOPS 100000 Polling 0
== Engine spdk Dev /dev/nvme0n1 Jobs 1 TargetIOPS 100000 100000 Polling 0 ==
testing Engine spdk Dev /dev/nvme0n1 Jobs 1 TargetIOPS 100000 100000 Polling 1
testing Engine spdk Dev /dev/nvme0n1 Jobs 1 TargetIOPS 200000 Polling 0
== Engine spdk Dev /dev/nvme0n1 Jobs 1 TargetIOPS 200000 200000 Polling 0 ==
testing Engine spdk Dev /dev/nvme0n1 Jobs 1 TargetIOPS 200000 200000 Polling 1
testing Engine spdk Dev /dev/nvme0n1 Jobs 1 TargetIOPS 300000 Polling 0
== Engine spdk Dev /dev/nvme0n1 Jobs 1 TargetIOPS 300000 300000 Polling 0 ==
testing Engine spdk Dev /dev/nvme0n1 Jobs 1 TargetIOPS 300000 300000 Polling 1
testing Engine spdk Dev /dev/nvme0n1 Jobs 1 TargetIOPS 700000 Polling 0
== Engine spdk Dev /dev/nvme0n1 Jobs 1 TargetIOPS 700000 700000 Polling 0 ==
testing Engine spdk Dev /dev/nvme0n1 Jobs 1 TargetIOPS 700000 700000 Polling 1
testing Engine spdk Dev /dev/nvme0n1 Jobs 2 TargetIOPS 1000 Polling 0
== Engine spdk Dev /dev/nvme0n1 Jobs 2 TargetIOPS 1000 500 Polling 0 ==
testing Engine spdk Dev /dev/nvme0n1 Jobs 2 TargetIOPS 1000 500 Polling 1
testing Engine spdk Dev /dev/nvme0n1 Jobs 2 TargetIOPS 600000 Polling 0
== Engine spdk Dev /dev/nvme0n1 Jobs 2 TargetIOPS 600000 300000 Polling 0 ==
testing Engine spdk Dev /dev/nvme0n1 Jobs 2 TargetIOPS 600000 300000 Polling 1
testing Engine spdk Dev /dev/nvme0n1 Jobs 2 TargetIOPS 200000 Polling 0
== Engine spdk Dev /dev/nvme0n1 Jobs 2 TargetIOPS 200000 100000 Polling 0 ==
testing Engine spdk Dev /dev/nvme0n1 Jobs 2 TargetIOPS 200000 100000 Polling 1
testing Engine spdk Dev /dev/nvme0n1 Jobs 2 TargetIOPS 400000 Polling 0
== Engine spdk Dev /dev/nvme0n1 Jobs 2 TargetIOPS 400000 200000 Polling 0 ==
testing Engine spdk Dev /dev/nvme0n1 Jobs 2 TargetIOPS 400000 200000 Polling 1
testing Engine spdk Dev /dev/nvme0n1 Jobs 2 TargetIOPS 100000 Polling 0
== Engine spdk Dev /dev/nvme0n1 Jobs 2 TargetIOPS 100000 50000 Polling 0 ==
testing Engine spdk Dev /dev/nvme0n1 Jobs 2 TargetIOPS 100000 50000 Polling 1
testing Engine spdk Dev /dev/nvme0n1 Jobs 2 TargetIOPS 200000 Polling 0
== Engine spdk Dev /dev/nvme0n1 Jobs 2 TargetIOPS 200000 100000 Polling 0 ==
testing Engine spdk Dev /dev/nvme0n1 Jobs 2 TargetIOPS 200000 100000 Polling 1
testing Engine spdk Dev /dev/nvme0n1 Jobs 2 TargetIOPS 300000 Polling 0
== Engine spdk Dev /dev/nvme0n1 Jobs 2 TargetIOPS 300000 150000 Polling 0 ==
testing Engine spdk Dev /dev/nvme0n1 Jobs 2 TargetIOPS 300000 150000 Polling 1
testing Engine spdk Dev /dev/nvme0n1 Jobs 2 TargetIOPS 700000 Polling 0
== Engine spdk Dev /dev/nvme0n1 Jobs 2 TargetIOPS 700000 350000 Polling 0 ==
testing Engine spdk Dev /dev/nvme0n1 Jobs 2 TargetIOPS 700000 350000 Polling 1
testing Engine spdk Dev /dev/nvme0n1 Jobs 3 TargetIOPS 1000 Polling 0
== Engine spdk Dev /dev/nvme0n1 Jobs 3 TargetIOPS 1000 333 Polling 0 ==
testing Engine spdk Dev /dev/nvme0n1 Jobs 3 TargetIOPS 1000 333 Polling 1
testing Engine spdk Dev /dev/nvme0n1 Jobs 3 TargetIOPS 600000 Polling 0
== Engine spdk Dev /dev/nvme0n1 Jobs 3 TargetIOPS 600000 200000 Polling 0 ==
testing Engine spdk Dev /dev/nvme0n1 Jobs 3 TargetIOPS 600000 200000 Polling 1
testing Engine spdk Dev /dev/nvme0n1 Jobs 3 TargetIOPS 200000 Polling 0
== Engine spdk Dev /dev/nvme0n1 Jobs 3 TargetIOPS 200000 66666 Polling 0 ==
testing Engine spdk Dev /dev/nvme0n1 Jobs 3 TargetIOPS 200000 66666 Polling 1
testing Engine spdk Dev /dev/nvme0n1 Jobs 3 TargetIOPS 400000 Polling 0
== Engine spdk Dev /dev/nvme0n1 Jobs 3 TargetIOPS 400000 133333 Polling 0 ==
testing Engine spdk Dev /dev/nvme0n1 Jobs 3 TargetIOPS 400000 133333 Polling 1
testing Engine spdk Dev /dev/nvme0n1 Jobs 3 TargetIOPS 100000 Polling 0
== Engine spdk Dev /dev/nvme0n1 Jobs 3 TargetIOPS 100000 33333 Polling 0 ==
testing Engine spdk Dev /dev/nvme0n1 Jobs 3 TargetIOPS 100000 33333 Polling 1
testing Engine spdk Dev /dev/nvme0n1 Jobs 3 TargetIOPS 200000 Polling 0
== Engine spdk Dev /dev/nvme0n1 Jobs 3 TargetIOPS 200000 66666 Polling 0 ==
testing Engine spdk Dev /dev/nvme0n1 Jobs 3 TargetIOPS 200000 66666 Polling 1
testing Engine spdk Dev /dev/nvme0n1 Jobs 3 TargetIOPS 300000 Polling 0
== Engine spdk Dev /dev/nvme0n1 Jobs 3 TargetIOPS 300000 100000 Polling 0 ==
testing Engine spdk Dev /dev/nvme0n1 Jobs 3 TargetIOPS 300000 100000 Polling 1
testing Engine spdk Dev /dev/nvme0n1 Jobs 3 TargetIOPS 700000 Polling 0
== Engine spdk Dev /dev/nvme0n1 Jobs 3 TargetIOPS 700000 233333 Polling 0 ==
testing Engine spdk Dev /dev/nvme0n1 Jobs 3 TargetIOPS 700000 233333 Polling 1
testing Engine spdk Dev /dev/nvme0n1 Jobs 4 TargetIOPS 1000 Polling 0
== Engine spdk Dev /dev/nvme0n1 Jobs 4 TargetIOPS 1000 250 Polling 0 ==
testing Engine spdk Dev /dev/nvme0n1 Jobs 4 TargetIOPS 1000 250 Polling 1
testing Engine spdk Dev /dev/nvme0n1 Jobs 4 TargetIOPS 600000 Polling 0
== Engine spdk Dev /dev/nvme0n1 Jobs 4 TargetIOPS 600000 150000 Polling 0 ==
testing Engine spdk Dev /dev/nvme0n1 Jobs 4 TargetIOPS 600000 150000 Polling 1
testing Engine spdk Dev /dev/nvme0n1 Jobs 4 TargetIOPS 200000 Polling 0
== Engine spdk Dev /dev/nvme0n1 Jobs 4 TargetIOPS 200000 50000 Polling 0 ==
testing Engine spdk Dev /dev/nvme0n1 Jobs 4 TargetIOPS 200000 50000 Polling 1
testing Engine spdk Dev /dev/nvme0n1 Jobs 4 TargetIOPS 400000 Polling 0
== Engine spdk Dev /dev/nvme0n1 Jobs 4 TargetIOPS 400000 100000 Polling 0 ==
testing Engine spdk Dev /dev/nvme0n1 Jobs 4 TargetIOPS 400000 100000 Polling 1
testing Engine spdk Dev /dev/nvme0n1 Jobs 4 TargetIOPS 100000 Polling 0
== Engine spdk Dev /dev/nvme0n1 Jobs 4 TargetIOPS 100000 25000 Polling 0 ==
testing Engine spdk Dev /dev/nvme0n1 Jobs 4 TargetIOPS 100000 25000 Polling 1
testing Engine spdk Dev /dev/nvme0n1 Jobs 4 TargetIOPS 200000 Polling 0
== Engine spdk Dev /dev/nvme0n1 Jobs 4 TargetIOPS 200000 50000 Polling 0 ==
testing Engine spdk Dev /dev/nvme0n1 Jobs 4 TargetIOPS 200000 50000 Polling 1
testing Engine spdk Dev /dev/nvme0n1 Jobs 4 TargetIOPS 300000 Polling 0
== Engine spdk Dev /dev/nvme0n1 Jobs 4 TargetIOPS 300000 75000 Polling 0 ==
testing Engine spdk Dev /dev/nvme0n1 Jobs 4 TargetIOPS 300000 75000 Polling 1
testing Engine spdk Dev /dev/nvme0n1 Jobs 4 TargetIOPS 700000 Polling 0
== Engine spdk Dev /dev/nvme0n1 Jobs 4 TargetIOPS 700000 175000 Polling 0 ==
testing Engine spdk Dev /dev/nvme0n1 Jobs 4 TargetIOPS 700000 175000 Polling 1
testing Engine spdk Dev /dev/nvme0n1 Jobs 5 TargetIOPS 1000 Polling 0
== Engine spdk Dev /dev/nvme0n1 Jobs 5 TargetIOPS 1000 200 Polling 0 ==
testing Engine spdk Dev /dev/nvme0n1 Jobs 5 TargetIOPS 1000 200 Polling 1
testing Engine spdk Dev /dev/nvme0n1 Jobs 5 TargetIOPS 600000 Polling 0
== Engine spdk Dev /dev/nvme0n1 Jobs 5 TargetIOPS 600000 120000 Polling 0 ==
testing Engine spdk Dev /dev/nvme0n1 Jobs 5 TargetIOPS 600000 120000 Polling 1
testing Engine spdk Dev /dev/nvme0n1 Jobs 5 TargetIOPS 200000 Polling 0
== Engine spdk Dev /dev/nvme0n1 Jobs 5 TargetIOPS 200000 40000 Polling 0 ==
testing Engine spdk Dev /dev/nvme0n1 Jobs 5 TargetIOPS 200000 40000 Polling 1
testing Engine spdk Dev /dev/nvme0n1 Jobs 5 TargetIOPS 400000 Polling 0
== Engine spdk Dev /dev/nvme0n1 Jobs 5 TargetIOPS 400000 80000 Polling 0 ==
testing Engine spdk Dev /dev/nvme0n1 Jobs 5 TargetIOPS 400000 80000 Polling 1
testing Engine spdk Dev /dev/nvme0n1 Jobs 5 TargetIOPS 100000 Polling 0
== Engine spdk Dev /dev/nvme0n1 Jobs 5 TargetIOPS 100000 20000 Polling 0 ==
testing Engine spdk Dev /dev/nvme0n1 Jobs 5 TargetIOPS 100000 20000 Polling 1
testing Engine spdk Dev /dev/nvme0n1 Jobs 5 TargetIOPS 200000 Polling 0
== Engine spdk Dev /dev/nvme0n1 Jobs 5 TargetIOPS 200000 40000 Polling 0 ==
testing Engine spdk Dev /dev/nvme0n1 Jobs 5 TargetIOPS 200000 40000 Polling 1
testing Engine spdk Dev /dev/nvme0n1 Jobs 5 TargetIOPS 300000 Polling 0
== Engine spdk Dev /dev/nvme0n1 Jobs 5 TargetIOPS 300000 60000 Polling 0 ==
testing Engine spdk Dev /dev/nvme0n1 Jobs 5 TargetIOPS 300000 60000 Polling 1
testing Engine spdk Dev /dev/nvme0n1 Jobs 5 TargetIOPS 700000 Polling 0
== Engine spdk Dev /dev/nvme0n1 Jobs 5 TargetIOPS 700000 140000 Polling 0 ==
testing Engine spdk Dev /dev/nvme0n1 Jobs 5 TargetIOPS 700000 140000 Polling 1
testing Engine spdk Dev /dev/nvme0n1 Jobs 6 TargetIOPS 1000 Polling 0
== Engine spdk Dev /dev/nvme0n1 Jobs 6 TargetIOPS 1000 166 Polling 0 ==
testing Engine spdk Dev /dev/nvme0n1 Jobs 6 TargetIOPS 1000 166 Polling 1
testing Engine spdk Dev /dev/nvme0n1 Jobs 6 TargetIOPS 600000 Polling 0
== Engine spdk Dev /dev/nvme0n1 Jobs 6 TargetIOPS 600000 100000 Polling 0 ==
testing Engine spdk Dev /dev/nvme0n1 Jobs 6 TargetIOPS 600000 100000 Polling 1
testing Engine spdk Dev /dev/nvme0n1 Jobs 6 TargetIOPS 200000 Polling 0
== Engine spdk Dev /dev/nvme0n1 Jobs 6 TargetIOPS 200000 33333 Polling 0 ==
testing Engine spdk Dev /dev/nvme0n1 Jobs 6 TargetIOPS 200000 33333 Polling 1
testing Engine spdk Dev /dev/nvme0n1 Jobs 6 TargetIOPS 400000 Polling 0
== Engine spdk Dev /dev/nvme0n1 Jobs 6 TargetIOPS 400000 66666 Polling 0 ==
testing Engine spdk Dev /dev/nvme0n1 Jobs 6 TargetIOPS 400000 66666 Polling 1
testing Engine spdk Dev /dev/nvme0n1 Jobs 6 TargetIOPS 100000 Polling 0
== Engine spdk Dev /dev/nvme0n1 Jobs 6 TargetIOPS 100000 16666 Polling 0 ==
testing Engine spdk Dev /dev/nvme0n1 Jobs 6 TargetIOPS 100000 16666 Polling 1
testing Engine spdk Dev /dev/nvme0n1 Jobs 6 TargetIOPS 200000 Polling 0
== Engine spdk Dev /dev/nvme0n1 Jobs 6 TargetIOPS 200000 33333 Polling 0 ==
testing Engine spdk Dev /dev/nvme0n1 Jobs 6 TargetIOPS 200000 33333 Polling 1
testing Engine spdk Dev /dev/nvme0n1 Jobs 6 TargetIOPS 300000 Polling 0
== Engine spdk Dev /dev/nvme0n1 Jobs 6 TargetIOPS 300000 50000 Polling 0 ==
testing Engine spdk Dev /dev/nvme0n1 Jobs 6 TargetIOPS 300000 50000 Polling 1
testing Engine spdk Dev /dev/nvme0n1 Jobs 6 TargetIOPS 700000 Polling 0
== Engine spdk Dev /dev/nvme0n1 Jobs 6 TargetIOPS 700000 116666 Polling 0 ==
testing Engine spdk Dev /dev/nvme0n1 Jobs 6 TargetIOPS 700000 116666 Polling 1
testing Engine spdk Dev /dev/nvme0n1 Jobs 7 TargetIOPS 1000 Polling 0
== Engine spdk Dev /dev/nvme0n1 Jobs 7 TargetIOPS 1000 142 Polling 0 ==
testing Engine spdk Dev /dev/nvme0n1 Jobs 7 TargetIOPS 1000 142 Polling 1
testing Engine spdk Dev /dev/nvme0n1 Jobs 7 TargetIOPS 600000 Polling 0
== Engine spdk Dev /dev/nvme0n1 Jobs 7 TargetIOPS 600000 85714 Polling 0 ==
testing Engine spdk Dev /dev/nvme0n1 Jobs 7 TargetIOPS 600000 85714 Polling 1
testing Engine spdk Dev /dev/nvme0n1 Jobs 7 TargetIOPS 200000 Polling 0
== Engine spdk Dev /dev/nvme0n1 Jobs 7 TargetIOPS 200000 28571 Polling 0 ==
testing Engine spdk Dev /dev/nvme0n1 Jobs 7 TargetIOPS 200000 28571 Polling 1
testing Engine spdk Dev /dev/nvme0n1 Jobs 7 TargetIOPS 400000 Polling 0
== Engine spdk Dev /dev/nvme0n1 Jobs 7 TargetIOPS 400000 57142 Polling 0 ==
testing Engine spdk Dev /dev/nvme0n1 Jobs 7 TargetIOPS 400000 57142 Polling 1
testing Engine spdk Dev /dev/nvme0n1 Jobs 7 TargetIOPS 100000 Polling 0
== Engine spdk Dev /dev/nvme0n1 Jobs 7 TargetIOPS 100000 14285 Polling 0 ==
testing Engine spdk Dev /dev/nvme0n1 Jobs 7 TargetIOPS 100000 14285 Polling 1
testing Engine spdk Dev /dev/nvme0n1 Jobs 7 TargetIOPS 200000 Polling 0
== Engine spdk Dev /dev/nvme0n1 Jobs 7 TargetIOPS 200000 28571 Polling 0 ==
testing Engine spdk Dev /dev/nvme0n1 Jobs 7 TargetIOPS 200000 28571 Polling 1
testing Engine spdk Dev /dev/nvme0n1 Jobs 7 TargetIOPS 300000 Polling 0
== Engine spdk Dev /dev/nvme0n1 Jobs 7 TargetIOPS 300000 42857 Polling 0 ==
testing Engine spdk Dev /dev/nvme0n1 Jobs 7 TargetIOPS 300000 42857 Polling 1
testing Engine spdk Dev /dev/nvme0n1 Jobs 7 TargetIOPS 700000 Polling 0
== Engine spdk Dev /dev/nvme0n1 Jobs 7 TargetIOPS 700000 100000 Polling 0 ==
testing Engine spdk Dev /dev/nvme0n1 Jobs 7 TargetIOPS 700000 100000 Polling 1
testing Engine spdk Dev /dev/nvme0n1 Jobs 8 TargetIOPS 1000 Polling 0
== Engine spdk Dev /dev/nvme0n1 Jobs 8 TargetIOPS 1000 125 Polling 0 ==
testing Engine spdk Dev /dev/nvme0n1 Jobs 8 TargetIOPS 1000 125 Polling 1
testing Engine spdk Dev /dev/nvme0n1 Jobs 8 TargetIOPS 600000 Polling 0
== Engine spdk Dev /dev/nvme0n1 Jobs 8 TargetIOPS 600000 75000 Polling 0 ==
testing Engine spdk Dev /dev/nvme0n1 Jobs 8 TargetIOPS 600000 75000 Polling 1
testing Engine spdk Dev /dev/nvme0n1 Jobs 8 TargetIOPS 200000 Polling 0
== Engine spdk Dev /dev/nvme0n1 Jobs 8 TargetIOPS 200000 25000 Polling 0 ==
testing Engine spdk Dev /dev/nvme0n1 Jobs 8 TargetIOPS 200000 25000 Polling 1
testing Engine spdk Dev /dev/nvme0n1 Jobs 8 TargetIOPS 400000 Polling 0
== Engine spdk Dev /dev/nvme0n1 Jobs 8 TargetIOPS 400000 50000 Polling 0 ==
testing Engine spdk Dev /dev/nvme0n1 Jobs 8 TargetIOPS 400000 50000 Polling 1
testing Engine spdk Dev /dev/nvme0n1 Jobs 8 TargetIOPS 100000 Polling 0
== Engine spdk Dev /dev/nvme0n1 Jobs 8 TargetIOPS 100000 12500 Polling 0 ==
testing Engine spdk Dev /dev/nvme0n1 Jobs 8 TargetIOPS 100000 12500 Polling 1
testing Engine spdk Dev /dev/nvme0n1 Jobs 8 TargetIOPS 200000 Polling 0
== Engine spdk Dev /dev/nvme0n1 Jobs 8 TargetIOPS 200000 25000 Polling 0 ==
testing Engine spdk Dev /dev/nvme0n1 Jobs 8 TargetIOPS 200000 25000 Polling 1
testing Engine spdk Dev /dev/nvme0n1 Jobs 8 TargetIOPS 300000 Polling 0
== Engine spdk Dev /dev/nvme0n1 Jobs 8 TargetIOPS 300000 37500 Polling 0 ==
testing Engine spdk Dev /dev/nvme0n1 Jobs 8 TargetIOPS 300000 37500 Polling 1
testing Engine spdk Dev /dev/nvme0n1 Jobs 8 TargetIOPS 700000 Polling 0
== Engine spdk Dev /dev/nvme0n1 Jobs 8 TargetIOPS 700000 87500 Polling 0 ==
testing Engine spdk Dev /dev/nvme0n1 Jobs 8 TargetIOPS 700000 87500 Polling 1
testing Engine libaio Dev /dev/nvme0n1 Jobs 1 TargetIOPS 1000 Polling 0
== Engine libaio Dev /dev/nvme0n1 Jobs 1 TargetIOPS 1000 1000 Polling 0 ==
testing Engine libaio Dev /dev/nvme0n1 Jobs 1 TargetIOPS 1000 1000 Polling 1
testing Engine libaio Dev /dev/nvme0n1 Jobs 1 TargetIOPS 600000 Polling 0
== Engine libaio Dev /dev/nvme0n1 Jobs 1 TargetIOPS 600000 600000 Polling 0 ==
testing Engine libaio Dev /dev/nvme0n1 Jobs 1 TargetIOPS 600000 600000 Polling 1
testing Engine libaio Dev /dev/nvme0n1 Jobs 1 TargetIOPS 200000 Polling 0
== Engine libaio Dev /dev/nvme0n1 Jobs 1 TargetIOPS 200000 200000 Polling 0 ==
testing Engine libaio Dev /dev/nvme0n1 Jobs 1 TargetIOPS 200000 200000 Polling 1
testing Engine libaio Dev /dev/nvme0n1 Jobs 1 TargetIOPS 400000 Polling 0
== Engine libaio Dev /dev/nvme0n1 Jobs 1 TargetIOPS 400000 400000 Polling 0 ==
testing Engine libaio Dev /dev/nvme0n1 Jobs 1 TargetIOPS 400000 400000 Polling 1
testing Engine libaio Dev /dev/nvme0n1 Jobs 1 TargetIOPS 100000 Polling 0
== Engine libaio Dev /dev/nvme0n1 Jobs 1 TargetIOPS 100000 100000 Polling 0 ==
testing Engine libaio Dev /dev/nvme0n1 Jobs 1 TargetIOPS 100000 100000 Polling 1
testing Engine libaio Dev /dev/nvme0n1 Jobs 1 TargetIOPS 200000 Polling 0
== Engine libaio Dev /dev/nvme0n1 Jobs 1 TargetIOPS 200000 200000 Polling 0 ==
testing Engine libaio Dev /dev/nvme0n1 Jobs 1 TargetIOPS 200000 200000 Polling 1
testing Engine libaio Dev /dev/nvme0n1 Jobs 1 TargetIOPS 300000 Polling 0
== Engine libaio Dev /dev/nvme0n1 Jobs 1 TargetIOPS 300000 300000 Polling 0 ==
testing Engine libaio Dev /dev/nvme0n1 Jobs 1 TargetIOPS 300000 300000 Polling 1
testing Engine libaio Dev /dev/nvme0n1 Jobs 1 TargetIOPS 700000 Polling 0
== Engine libaio Dev /dev/nvme0n1 Jobs 1 TargetIOPS 700000 700000 Polling 0 ==
testing Engine libaio Dev /dev/nvme0n1 Jobs 1 TargetIOPS 700000 700000 Polling 1
testing Engine libaio Dev /dev/nvme0n1 Jobs 2 TargetIOPS 1000 Polling 0
== Engine libaio Dev /dev/nvme0n1 Jobs 2 TargetIOPS 1000 500 Polling 0 ==
testing Engine libaio Dev /dev/nvme0n1 Jobs 2 TargetIOPS 1000 500 Polling 1
testing Engine libaio Dev /dev/nvme0n1 Jobs 2 TargetIOPS 600000 Polling 0
== Engine libaio Dev /dev/nvme0n1 Jobs 2 TargetIOPS 600000 300000 Polling 0 ==
testing Engine libaio Dev /dev/nvme0n1 Jobs 2 TargetIOPS 600000 300000 Polling 1
testing Engine libaio Dev /dev/nvme0n1 Jobs 2 TargetIOPS 200000 Polling 0
== Engine libaio Dev /dev/nvme0n1 Jobs 2 TargetIOPS 200000 100000 Polling 0 ==
testing Engine libaio Dev /dev/nvme0n1 Jobs 2 TargetIOPS 200000 100000 Polling 1
testing Engine libaio Dev /dev/nvme0n1 Jobs 2 TargetIOPS 400000 Polling 0
== Engine libaio Dev /dev/nvme0n1 Jobs 2 TargetIOPS 400000 200000 Polling 0 ==
testing Engine libaio Dev /dev/nvme0n1 Jobs 2 TargetIOPS 400000 200000 Polling 1
testing Engine libaio Dev /dev/nvme0n1 Jobs 2 TargetIOPS 100000 Polling 0
== Engine libaio Dev /dev/nvme0n1 Jobs 2 TargetIOPS 100000 50000 Polling 0 ==
testing Engine libaio Dev /dev/nvme0n1 Jobs 2 TargetIOPS 100000 50000 Polling 1
testing Engine libaio Dev /dev/nvme0n1 Jobs 2 TargetIOPS 200000 Polling 0
== Engine libaio Dev /dev/nvme0n1 Jobs 2 TargetIOPS 200000 100000 Polling 0 ==
testing Engine libaio Dev /dev/nvme0n1 Jobs 2 TargetIOPS 200000 100000 Polling 1
testing Engine libaio Dev /dev/nvme0n1 Jobs 2 TargetIOPS 300000 Polling 0
== Engine libaio Dev /dev/nvme0n1 Jobs 2 TargetIOPS 300000 150000 Polling 0 ==
testing Engine libaio Dev /dev/nvme0n1 Jobs 2 TargetIOPS 300000 150000 Polling 1
testing Engine libaio Dev /dev/nvme0n1 Jobs 2 TargetIOPS 700000 Polling 0
== Engine libaio Dev /dev/nvme0n1 Jobs 2 TargetIOPS 700000 350000 Polling 0 ==
testing Engine libaio Dev /dev/nvme0n1 Jobs 2 TargetIOPS 700000 350000 Polling 1
testing Engine libaio Dev /dev/nvme0n1 Jobs 3 TargetIOPS 1000 Polling 0
== Engine libaio Dev /dev/nvme0n1 Jobs 3 TargetIOPS 1000 333 Polling 0 ==
testing Engine libaio Dev /dev/nvme0n1 Jobs 3 TargetIOPS 1000 333 Polling 1
testing Engine libaio Dev /dev/nvme0n1 Jobs 3 TargetIOPS 600000 Polling 0
== Engine libaio Dev /dev/nvme0n1 Jobs 3 TargetIOPS 600000 200000 Polling 0 ==
testing Engine libaio Dev /dev/nvme0n1 Jobs 3 TargetIOPS 600000 200000 Polling 1
testing Engine libaio Dev /dev/nvme0n1 Jobs 3 TargetIOPS 200000 Polling 0
== Engine libaio Dev /dev/nvme0n1 Jobs 3 TargetIOPS 200000 66666 Polling 0 ==
testing Engine libaio Dev /dev/nvme0n1 Jobs 3 TargetIOPS 200000 66666 Polling 1
testing Engine libaio Dev /dev/nvme0n1 Jobs 3 TargetIOPS 400000 Polling 0
== Engine libaio Dev /dev/nvme0n1 Jobs 3 TargetIOPS 400000 133333 Polling 0 ==
testing Engine libaio Dev /dev/nvme0n1 Jobs 3 TargetIOPS 400000 133333 Polling 1
testing Engine libaio Dev /dev/nvme0n1 Jobs 3 TargetIOPS 100000 Polling 0
== Engine libaio Dev /dev/nvme0n1 Jobs 3 TargetIOPS 100000 33333 Polling 0 ==
testing Engine libaio Dev /dev/nvme0n1 Jobs 3 TargetIOPS 100000 33333 Polling 1
testing Engine libaio Dev /dev/nvme0n1 Jobs 3 TargetIOPS 200000 Polling 0
== Engine libaio Dev /dev/nvme0n1 Jobs 3 TargetIOPS 200000 66666 Polling 0 ==
testing Engine libaio Dev /dev/nvme0n1 Jobs 3 TargetIOPS 200000 66666 Polling 1
testing Engine libaio Dev /dev/nvme0n1 Jobs 3 TargetIOPS 300000 Polling 0
== Engine libaio Dev /dev/nvme0n1 Jobs 3 TargetIOPS 300000 100000 Polling 0 ==
testing Engine libaio Dev /dev/nvme0n1 Jobs 3 TargetIOPS 300000 100000 Polling 1
testing Engine libaio Dev /dev/nvme0n1 Jobs 3 TargetIOPS 700000 Polling 0
== Engine libaio Dev /dev/nvme0n1 Jobs 3 TargetIOPS 700000 233333 Polling 0 ==
testing Engine libaio Dev /dev/nvme0n1 Jobs 3 TargetIOPS 700000 233333 Polling 1
testing Engine libaio Dev /dev/nvme0n1 Jobs 4 TargetIOPS 1000 Polling 0
== Engine libaio Dev /dev/nvme0n1 Jobs 4 TargetIOPS 1000 250 Polling 0 ==
testing Engine libaio Dev /dev/nvme0n1 Jobs 4 TargetIOPS 1000 250 Polling 1
testing Engine libaio Dev /dev/nvme0n1 Jobs 4 TargetIOPS 600000 Polling 0
== Engine libaio Dev /dev/nvme0n1 Jobs 4 TargetIOPS 600000 150000 Polling 0 ==
testing Engine libaio Dev /dev/nvme0n1 Jobs 4 TargetIOPS 600000 150000 Polling 1
testing Engine libaio Dev /dev/nvme0n1 Jobs 4 TargetIOPS 200000 Polling 0
== Engine libaio Dev /dev/nvme0n1 Jobs 4 TargetIOPS 200000 50000 Polling 0 ==
testing Engine libaio Dev /dev/nvme0n1 Jobs 4 TargetIOPS 200000 50000 Polling 1
testing Engine libaio Dev /dev/nvme0n1 Jobs 4 TargetIOPS 400000 Polling 0
== Engine libaio Dev /dev/nvme0n1 Jobs 4 TargetIOPS 400000 100000 Polling 0 ==
testing Engine libaio Dev /dev/nvme0n1 Jobs 4 TargetIOPS 400000 100000 Polling 1
testing Engine libaio Dev /dev/nvme0n1 Jobs 4 TargetIOPS 100000 Polling 0
== Engine libaio Dev /dev/nvme0n1 Jobs 4 TargetIOPS 100000 25000 Polling 0 ==
testing Engine libaio Dev /dev/nvme0n1 Jobs 4 TargetIOPS 100000 25000 Polling 1
testing Engine libaio Dev /dev/nvme0n1 Jobs 4 TargetIOPS 200000 Polling 0
== Engine libaio Dev /dev/nvme0n1 Jobs 4 TargetIOPS 200000 50000 Polling 0 ==
testing Engine libaio Dev /dev/nvme0n1 Jobs 4 TargetIOPS 200000 50000 Polling 1
testing Engine libaio Dev /dev/nvme0n1 Jobs 4 TargetIOPS 300000 Polling 0
== Engine libaio Dev /dev/nvme0n1 Jobs 4 TargetIOPS 300000 75000 Polling 0 ==
testing Engine libaio Dev /dev/nvme0n1 Jobs 4 TargetIOPS 300000 75000 Polling 1
testing Engine libaio Dev /dev/nvme0n1 Jobs 4 TargetIOPS 700000 Polling 0
== Engine libaio Dev /dev/nvme0n1 Jobs 4 TargetIOPS 700000 175000 Polling 0 ==
testing Engine libaio Dev /dev/nvme0n1 Jobs 4 TargetIOPS 700000 175000 Polling 1
testing Engine libaio Dev /dev/nvme0n1 Jobs 5 TargetIOPS 1000 Polling 0
== Engine libaio Dev /dev/nvme0n1 Jobs 5 TargetIOPS 1000 200 Polling 0 ==
testing Engine libaio Dev /dev/nvme0n1 Jobs 5 TargetIOPS 1000 200 Polling 1
testing Engine libaio Dev /dev/nvme0n1 Jobs 5 TargetIOPS 600000 Polling 0
== Engine libaio Dev /dev/nvme0n1 Jobs 5 TargetIOPS 600000 120000 Polling 0 ==
testing Engine libaio Dev /dev/nvme0n1 Jobs 5 TargetIOPS 600000 120000 Polling 1
testing Engine libaio Dev /dev/nvme0n1 Jobs 5 TargetIOPS 200000 Polling 0
== Engine libaio Dev /dev/nvme0n1 Jobs 5 TargetIOPS 200000 40000 Polling 0 ==
testing Engine libaio Dev /dev/nvme0n1 Jobs 5 TargetIOPS 200000 40000 Polling 1
testing Engine libaio Dev /dev/nvme0n1 Jobs 5 TargetIOPS 400000 Polling 0
== Engine libaio Dev /dev/nvme0n1 Jobs 5 TargetIOPS 400000 80000 Polling 0 ==
testing Engine libaio Dev /dev/nvme0n1 Jobs 5 TargetIOPS 400000 80000 Polling 1
testing Engine libaio Dev /dev/nvme0n1 Jobs 5 TargetIOPS 100000 Polling 0
== Engine libaio Dev /dev/nvme0n1 Jobs 5 TargetIOPS 100000 20000 Polling 0 ==
testing Engine libaio Dev /dev/nvme0n1 Jobs 5 TargetIOPS 100000 20000 Polling 1
testing Engine libaio Dev /dev/nvme0n1 Jobs 5 TargetIOPS 200000 Polling 0
== Engine libaio Dev /dev/nvme0n1 Jobs 5 TargetIOPS 200000 40000 Polling 0 ==
testing Engine libaio Dev /dev/nvme0n1 Jobs 5 TargetIOPS 200000 40000 Polling 1
testing Engine libaio Dev /dev/nvme0n1 Jobs 5 TargetIOPS 300000 Polling 0
== Engine libaio Dev /dev/nvme0n1 Jobs 5 TargetIOPS 300000 60000 Polling 0 ==
testing Engine libaio Dev /dev/nvme0n1 Jobs 5 TargetIOPS 300000 60000 Polling 1
testing Engine libaio Dev /dev/nvme0n1 Jobs 5 TargetIOPS 700000 Polling 0
== Engine libaio Dev /dev/nvme0n1 Jobs 5 TargetIOPS 700000 140000 Polling 0 ==
testing Engine libaio Dev /dev/nvme0n1 Jobs 5 TargetIOPS 700000 140000 Polling 1
testing Engine libaio Dev /dev/nvme0n1 Jobs 6 TargetIOPS 1000 Polling 0
== Engine libaio Dev /dev/nvme0n1 Jobs 6 TargetIOPS 1000 166 Polling 0 ==
testing Engine libaio Dev /dev/nvme0n1 Jobs 6 TargetIOPS 1000 166 Polling 1
testing Engine libaio Dev /dev/nvme0n1 Jobs 6 TargetIOPS 600000 Polling 0
== Engine libaio Dev /dev/nvme0n1 Jobs 6 TargetIOPS 600000 100000 Polling 0 ==
testing Engine libaio Dev /dev/nvme0n1 Jobs 6 TargetIOPS 600000 100000 Polling 1
testing Engine libaio Dev /dev/nvme0n1 Jobs 6 TargetIOPS 200000 Polling 0
== Engine libaio Dev /dev/nvme0n1 Jobs 6 TargetIOPS 200000 33333 Polling 0 ==
testing Engine libaio Dev /dev/nvme0n1 Jobs 6 TargetIOPS 200000 33333 Polling 1
testing Engine libaio Dev /dev/nvme0n1 Jobs 6 TargetIOPS 400000 Polling 0
== Engine libaio Dev /dev/nvme0n1 Jobs 6 TargetIOPS 400000 66666 Polling 0 ==
testing Engine libaio Dev /dev/nvme0n1 Jobs 6 TargetIOPS 400000 66666 Polling 1
testing Engine libaio Dev /dev/nvme0n1 Jobs 6 TargetIOPS 100000 Polling 0
== Engine libaio Dev /dev/nvme0n1 Jobs 6 TargetIOPS 100000 16666 Polling 0 ==
testing Engine libaio Dev /dev/nvme0n1 Jobs 6 TargetIOPS 100000 16666 Polling 1
testing Engine libaio Dev /dev/nvme0n1 Jobs 6 TargetIOPS 200000 Polling 0
== Engine libaio Dev /dev/nvme0n1 Jobs 6 TargetIOPS 200000 33333 Polling 0 ==
testing Engine libaio Dev /dev/nvme0n1 Jobs 6 TargetIOPS 200000 33333 Polling 1
testing Engine libaio Dev /dev/nvme0n1 Jobs 6 TargetIOPS 300000 Polling 0
== Engine libaio Dev /dev/nvme0n1 Jobs 6 TargetIOPS 300000 50000 Polling 0 ==
testing Engine libaio Dev /dev/nvme0n1 Jobs 6 TargetIOPS 300000 50000 Polling 1
testing Engine libaio Dev /dev/nvme0n1 Jobs 6 TargetIOPS 700000 Polling 0
== Engine libaio Dev /dev/nvme0n1 Jobs 6 TargetIOPS 700000 116666 Polling 0 ==
testing Engine libaio Dev /dev/nvme0n1 Jobs 6 TargetIOPS 700000 116666 Polling 1
testing Engine libaio Dev /dev/nvme0n1 Jobs 7 TargetIOPS 1000 Polling 0
== Engine libaio Dev /dev/nvme0n1 Jobs 7 TargetIOPS 1000 142 Polling 0 ==
testing Engine libaio Dev /dev/nvme0n1 Jobs 7 TargetIOPS 1000 142 Polling 1
testing Engine libaio Dev /dev/nvme0n1 Jobs 7 TargetIOPS 600000 Polling 0
== Engine libaio Dev /dev/nvme0n1 Jobs 7 TargetIOPS 600000 85714 Polling 0 ==
testing Engine libaio Dev /dev/nvme0n1 Jobs 7 TargetIOPS 600000 85714 Polling 1
testing Engine libaio Dev /dev/nvme0n1 Jobs 7 TargetIOPS 200000 Polling 0
== Engine libaio Dev /dev/nvme0n1 Jobs 7 TargetIOPS 200000 28571 Polling 0 ==
testing Engine libaio Dev /dev/nvme0n1 Jobs 7 TargetIOPS 200000 28571 Polling 1
testing Engine libaio Dev /dev/nvme0n1 Jobs 7 TargetIOPS 400000 Polling 0
== Engine libaio Dev /dev/nvme0n1 Jobs 7 TargetIOPS 400000 57142 Polling 0 ==
testing Engine libaio Dev /dev/nvme0n1 Jobs 7 TargetIOPS 400000 57142 Polling 1
testing Engine libaio Dev /dev/nvme0n1 Jobs 7 TargetIOPS 100000 Polling 0
== Engine libaio Dev /dev/nvme0n1 Jobs 7 TargetIOPS 100000 14285 Polling 0 ==
testing Engine libaio Dev /dev/nvme0n1 Jobs 7 TargetIOPS 100000 14285 Polling 1
testing Engine libaio Dev /dev/nvme0n1 Jobs 7 TargetIOPS 200000 Polling 0
== Engine libaio Dev /dev/nvme0n1 Jobs 7 TargetIOPS 200000 28571 Polling 0 ==
testing Engine libaio Dev /dev/nvme0n1 Jobs 7 TargetIOPS 200000 28571 Polling 1
testing Engine libaio Dev /dev/nvme0n1 Jobs 7 TargetIOPS 300000 Polling 0
== Engine libaio Dev /dev/nvme0n1 Jobs 7 TargetIOPS 300000 42857 Polling 0 ==
testing Engine libaio Dev /dev/nvme0n1 Jobs 7 TargetIOPS 300000 42857 Polling 1
testing Engine libaio Dev /dev/nvme0n1 Jobs 7 TargetIOPS 700000 Polling 0
== Engine libaio Dev /dev/nvme0n1 Jobs 7 TargetIOPS 700000 100000 Polling 0 ==
testing Engine libaio Dev /dev/nvme0n1 Jobs 7 TargetIOPS 700000 100000 Polling 1
testing Engine libaio Dev /dev/nvme0n1 Jobs 8 TargetIOPS 1000 Polling 0
== Engine libaio Dev /dev/nvme0n1 Jobs 8 TargetIOPS 1000 125 Polling 0 ==
testing Engine libaio Dev /dev/nvme0n1 Jobs 8 TargetIOPS 1000 125 Polling 1
testing Engine libaio Dev /dev/nvme0n1 Jobs 8 TargetIOPS 600000 Polling 0
== Engine libaio Dev /dev/nvme0n1 Jobs 8 TargetIOPS 600000 75000 Polling 0 ==
testing Engine libaio Dev /dev/nvme0n1 Jobs 8 TargetIOPS 600000 75000 Polling 1
testing Engine libaio Dev /dev/nvme0n1 Jobs 8 TargetIOPS 200000 Polling 0
== Engine libaio Dev /dev/nvme0n1 Jobs 8 TargetIOPS 200000 25000 Polling 0 ==
testing Engine libaio Dev /dev/nvme0n1 Jobs 8 TargetIOPS 200000 25000 Polling 1
testing Engine libaio Dev /dev/nvme0n1 Jobs 8 TargetIOPS 400000 Polling 0
== Engine libaio Dev /dev/nvme0n1 Jobs 8 TargetIOPS 400000 50000 Polling 0 ==
testing Engine libaio Dev /dev/nvme0n1 Jobs 8 TargetIOPS 400000 50000 Polling 1
testing Engine libaio Dev /dev/nvme0n1 Jobs 8 TargetIOPS 100000 Polling 0
== Engine libaio Dev /dev/nvme0n1 Jobs 8 TargetIOPS 100000 12500 Polling 0 ==
testing Engine libaio Dev /dev/nvme0n1 Jobs 8 TargetIOPS 100000 12500 Polling 1
testing Engine libaio Dev /dev/nvme0n1 Jobs 8 TargetIOPS 200000 Polling 0
== Engine libaio Dev /dev/nvme0n1 Jobs 8 TargetIOPS 200000 25000 Polling 0 ==
testing Engine libaio Dev /dev/nvme0n1 Jobs 8 TargetIOPS 200000 25000 Polling 1
testing Engine libaio Dev /dev/nvme0n1 Jobs 8 TargetIOPS 300000 Polling 0
== Engine libaio Dev /dev/nvme0n1 Jobs 8 TargetIOPS 300000 37500 Polling 0 ==
testing Engine libaio Dev /dev/nvme0n1 Jobs 8 TargetIOPS 300000 37500 Polling 1
testing Engine libaio Dev /dev/nvme0n1 Jobs 8 TargetIOPS 700000 Polling 0
== Engine libaio Dev /dev/nvme0n1 Jobs 8 TargetIOPS 700000 87500 Polling 0 ==
testing Engine libaio Dev /dev/nvme0n1 Jobs 8 TargetIOPS 700000 87500 Polling 1
testing Engine pvread2 Dev /dev/nvme0n1 Jobs 1 TargetIOPS 1000 Polling 0
== Engine pvread2 Dev /dev/nvme0n1 Jobs 1 TargetIOPS 1000 1000 Polling 0 ==
testing Engine pvread2 Dev /dev/nvme0n1 Jobs 1 TargetIOPS 1000 1000 Polling 1
testing Engine pvread2 Dev /dev/nvme0n1 Jobs 1 TargetIOPS 600000 Polling 0
== Engine pvread2 Dev /dev/nvme0n1 Jobs 1 TargetIOPS 600000 600000 Polling 0 ==
testing Engine pvread2 Dev /dev/nvme0n1 Jobs 1 TargetIOPS 600000 600000 Polling 1
testing Engine pvread2 Dev /dev/nvme0n1 Jobs 1 TargetIOPS 200000 Polling 0
== Engine pvread2 Dev /dev/nvme0n1 Jobs 1 TargetIOPS 200000 200000 Polling 0 ==
testing Engine pvread2 Dev /dev/nvme0n1 Jobs 1 TargetIOPS 200000 200000 Polling 1
testing Engine pvread2 Dev /dev/nvme0n1 Jobs 1 TargetIOPS 400000 Polling 0
== Engine pvread2 Dev /dev/nvme0n1 Jobs 1 TargetIOPS 400000 400000 Polling 0 ==
testing Engine pvread2 Dev /dev/nvme0n1 Jobs 1 TargetIOPS 400000 400000 Polling 1
testing Engine pvread2 Dev /dev/nvme0n1 Jobs 1 TargetIOPS 100000 Polling 0
== Engine pvread2 Dev /dev/nvme0n1 Jobs 1 TargetIOPS 100000 100000 Polling 0 ==
testing Engine pvread2 Dev /dev/nvme0n1 Jobs 1 TargetIOPS 100000 100000 Polling 1
testing Engine pvread2 Dev /dev/nvme0n1 Jobs 1 TargetIOPS 200000 Polling 0
== Engine pvread2 Dev /dev/nvme0n1 Jobs 1 TargetIOPS 200000 200000 Polling 0 ==
testing Engine pvread2 Dev /dev/nvme0n1 Jobs 1 TargetIOPS 200000 200000 Polling 1
testing Engine pvread2 Dev /dev/nvme0n1 Jobs 1 TargetIOPS 300000 Polling 0
== Engine pvread2 Dev /dev/nvme0n1 Jobs 1 TargetIOPS 300000 300000 Polling 0 ==
testing Engine pvread2 Dev /dev/nvme0n1 Jobs 1 TargetIOPS 300000 300000 Polling 1
testing Engine pvread2 Dev /dev/nvme0n1 Jobs 1 TargetIOPS 700000 Polling 0
== Engine pvread2 Dev /dev/nvme0n1 Jobs 1 TargetIOPS 700000 700000 Polling 0 ==
testing Engine pvread2 Dev /dev/nvme0n1 Jobs 1 TargetIOPS 700000 700000 Polling 1
testing Engine pvread2 Dev /dev/nvme0n1 Jobs 2 TargetIOPS 1000 Polling 0
== Engine pvread2 Dev /dev/nvme0n1 Jobs 2 TargetIOPS 1000 500 Polling 0 ==
testing Engine pvread2 Dev /dev/nvme0n1 Jobs 2 TargetIOPS 1000 500 Polling 1
testing Engine pvread2 Dev /dev/nvme0n1 Jobs 2 TargetIOPS 600000 Polling 0
== Engine pvread2 Dev /dev/nvme0n1 Jobs 2 TargetIOPS 600000 300000 Polling 0 ==
testing Engine pvread2 Dev /dev/nvme0n1 Jobs 2 TargetIOPS 600000 300000 Polling 1
testing Engine pvread2 Dev /dev/nvme0n1 Jobs 2 TargetIOPS 200000 Polling 0
== Engine pvread2 Dev /dev/nvme0n1 Jobs 2 TargetIOPS 200000 100000 Polling 0 ==
testing Engine pvread2 Dev /dev/nvme0n1 Jobs 2 TargetIOPS 200000 100000 Polling 1
testing Engine pvread2 Dev /dev/nvme0n1 Jobs 2 TargetIOPS 400000 Polling 0
== Engine pvread2 Dev /dev/nvme0n1 Jobs 2 TargetIOPS 400000 200000 Polling 0 ==
testing Engine pvread2 Dev /dev/nvme0n1 Jobs 2 TargetIOPS 400000 200000 Polling 1
testing Engine pvread2 Dev /dev/nvme0n1 Jobs 2 TargetIOPS 100000 Polling 0
== Engine pvread2 Dev /dev/nvme0n1 Jobs 2 TargetIOPS 100000 50000 Polling 0 ==
testing Engine pvread2 Dev /dev/nvme0n1 Jobs 2 TargetIOPS 100000 50000 Polling 1
testing Engine pvread2 Dev /dev/nvme0n1 Jobs 2 TargetIOPS 200000 Polling 0
== Engine pvread2 Dev /dev/nvme0n1 Jobs 2 TargetIOPS 200000 100000 Polling 0 ==
testing Engine pvread2 Dev /dev/nvme0n1 Jobs 2 TargetIOPS 200000 100000 Polling 1
testing Engine pvread2 Dev /dev/nvme0n1 Jobs 2 TargetIOPS 300000 Polling 0
== Engine pvread2 Dev /dev/nvme0n1 Jobs 2 TargetIOPS 300000 150000 Polling 0 ==
testing Engine pvread2 Dev /dev/nvme0n1 Jobs 2 TargetIOPS 300000 150000 Polling 1
testing Engine pvread2 Dev /dev/nvme0n1 Jobs 2 TargetIOPS 700000 Polling 0
== Engine pvread2 Dev /dev/nvme0n1 Jobs 2 TargetIOPS 700000 350000 Polling 0 ==
testing Engine pvread2 Dev /dev/nvme0n1 Jobs 2 TargetIOPS 700000 350000 Polling 1
testing Engine pvread2 Dev /dev/nvme0n1 Jobs 3 TargetIOPS 1000 Polling 0
== Engine pvread2 Dev /dev/nvme0n1 Jobs 3 TargetIOPS 1000 333 Polling 0 ==
testing Engine pvread2 Dev /dev/nvme0n1 Jobs 3 TargetIOPS 1000 333 Polling 1
testing Engine pvread2 Dev /dev/nvme0n1 Jobs 3 TargetIOPS 600000 Polling 0
== Engine pvread2 Dev /dev/nvme0n1 Jobs 3 TargetIOPS 600000 200000 Polling 0 ==
testing Engine pvread2 Dev /dev/nvme0n1 Jobs 3 TargetIOPS 600000 200000 Polling 1
testing Engine pvread2 Dev /dev/nvme0n1 Jobs 3 TargetIOPS 200000 Polling 0
== Engine pvread2 Dev /dev/nvme0n1 Jobs 3 TargetIOPS 200000 66666 Polling 0 ==
testing Engine pvread2 Dev /dev/nvme0n1 Jobs 3 TargetIOPS 200000 66666 Polling 1
testing Engine pvread2 Dev /dev/nvme0n1 Jobs 3 TargetIOPS 400000 Polling 0
== Engine pvread2 Dev /dev/nvme0n1 Jobs 3 TargetIOPS 400000 133333 Polling 0 ==
testing Engine pvread2 Dev /dev/nvme0n1 Jobs 3 TargetIOPS 400000 133333 Polling 1
testing Engine pvread2 Dev /dev/nvme0n1 Jobs 3 TargetIOPS 100000 Polling 0
== Engine pvread2 Dev /dev/nvme0n1 Jobs 3 TargetIOPS 100000 33333 Polling 0 ==
testing Engine pvread2 Dev /dev/nvme0n1 Jobs 3 TargetIOPS 100000 33333 Polling 1
testing Engine pvread2 Dev /dev/nvme0n1 Jobs 3 TargetIOPS 200000 Polling 0
== Engine pvread2 Dev /dev/nvme0n1 Jobs 3 TargetIOPS 200000 66666 Polling 0 ==
testing Engine pvread2 Dev /dev/nvme0n1 Jobs 3 TargetIOPS 200000 66666 Polling 1
testing Engine pvread2 Dev /dev/nvme0n1 Jobs 3 TargetIOPS 300000 Polling 0
== Engine pvread2 Dev /dev/nvme0n1 Jobs 3 TargetIOPS 300000 100000 Polling 0 ==
testing Engine pvread2 Dev /dev/nvme0n1 Jobs 3 TargetIOPS 300000 100000 Polling 1
testing Engine pvread2 Dev /dev/nvme0n1 Jobs 3 TargetIOPS 700000 Polling 0
== Engine pvread2 Dev /dev/nvme0n1 Jobs 3 TargetIOPS 700000 233333 Polling 0 ==
testing Engine pvread2 Dev /dev/nvme0n1 Jobs 3 TargetIOPS 700000 233333 Polling 1
testing Engine pvread2 Dev /dev/nvme0n1 Jobs 4 TargetIOPS 1000 Polling 0
== Engine pvread2 Dev /dev/nvme0n1 Jobs 4 TargetIOPS 1000 250 Polling 0 ==
testing Engine pvread2 Dev /dev/nvme0n1 Jobs 4 TargetIOPS 1000 250 Polling 1
testing Engine pvread2 Dev /dev/nvme0n1 Jobs 4 TargetIOPS 600000 Polling 0
== Engine pvread2 Dev /dev/nvme0n1 Jobs 4 TargetIOPS 600000 150000 Polling 0 ==
testing Engine pvread2 Dev /dev/nvme0n1 Jobs 4 TargetIOPS 600000 150000 Polling 1
testing Engine pvread2 Dev /dev/nvme0n1 Jobs 4 TargetIOPS 200000 Polling 0
== Engine pvread2 Dev /dev/nvme0n1 Jobs 4 TargetIOPS 200000 50000 Polling 0 ==
testing Engine pvread2 Dev /dev/nvme0n1 Jobs 4 TargetIOPS 200000 50000 Polling 1
testing Engine pvread2 Dev /dev/nvme0n1 Jobs 4 TargetIOPS 400000 Polling 0
== Engine pvread2 Dev /dev/nvme0n1 Jobs 4 TargetIOPS 400000 100000 Polling 0 ==
testing Engine pvread2 Dev /dev/nvme0n1 Jobs 4 TargetIOPS 400000 100000 Polling 1
testing Engine pvread2 Dev /dev/nvme0n1 Jobs 4 TargetIOPS 100000 Polling 0
== Engine pvread2 Dev /dev/nvme0n1 Jobs 4 TargetIOPS 100000 25000 Polling 0 ==
testing Engine pvread2 Dev /dev/nvme0n1 Jobs 4 TargetIOPS 100000 25000 Polling 1
testing Engine pvread2 Dev /dev/nvme0n1 Jobs 4 TargetIOPS 200000 Polling 0
== Engine pvread2 Dev /dev/nvme0n1 Jobs 4 TargetIOPS 200000 50000 Polling 0 ==
testing Engine pvread2 Dev /dev/nvme0n1 Jobs 4 TargetIOPS 200000 50000 Polling 1
testing Engine pvread2 Dev /dev/nvme0n1 Jobs 4 TargetIOPS 300000 Polling 0
== Engine pvread2 Dev /dev/nvme0n1 Jobs 4 TargetIOPS 300000 75000 Polling 0 ==
testing Engine pvread2 Dev /dev/nvme0n1 Jobs 4 TargetIOPS 300000 75000 Polling 1
testing Engine pvread2 Dev /dev/nvme0n1 Jobs 4 TargetIOPS 700000 Polling 0
== Engine pvread2 Dev /dev/nvme0n1 Jobs 4 TargetIOPS 700000 175000 Polling 0 ==
testing Engine pvread2 Dev /dev/nvme0n1 Jobs 4 TargetIOPS 700000 175000 Polling 1
testing Engine pvread2 Dev /dev/nvme0n1 Jobs 5 TargetIOPS 1000 Polling 0
== Engine pvread2 Dev /dev/nvme0n1 Jobs 5 TargetIOPS 1000 200 Polling 0 ==
testing Engine pvread2 Dev /dev/nvme0n1 Jobs 5 TargetIOPS 1000 200 Polling 1
testing Engine pvread2 Dev /dev/nvme0n1 Jobs 5 TargetIOPS 600000 Polling 0
== Engine pvread2 Dev /dev/nvme0n1 Jobs 5 TargetIOPS 600000 120000 Polling 0 ==
testing Engine pvread2 Dev /dev/nvme0n1 Jobs 5 TargetIOPS 600000 120000 Polling 1
testing Engine pvread2 Dev /dev/nvme0n1 Jobs 5 TargetIOPS 200000 Polling 0
== Engine pvread2 Dev /dev/nvme0n1 Jobs 5 TargetIOPS 200000 40000 Polling 0 ==
testing Engine pvread2 Dev /dev/nvme0n1 Jobs 5 TargetIOPS 200000 40000 Polling 1
testing Engine pvread2 Dev /dev/nvme0n1 Jobs 5 TargetIOPS 400000 Polling 0
== Engine pvread2 Dev /dev/nvme0n1 Jobs 5 TargetIOPS 400000 80000 Polling 0 ==
testing Engine pvread2 Dev /dev/nvme0n1 Jobs 5 TargetIOPS 400000 80000 Polling 1
testing Engine pvread2 Dev /dev/nvme0n1 Jobs 5 TargetIOPS 100000 Polling 0
== Engine pvread2 Dev /dev/nvme0n1 Jobs 5 TargetIOPS 100000 20000 Polling 0 ==
testing Engine pvread2 Dev /dev/nvme0n1 Jobs 5 TargetIOPS 100000 20000 Polling 1
testing Engine pvread2 Dev /dev/nvme0n1 Jobs 5 TargetIOPS 200000 Polling 0
== Engine pvread2 Dev /dev/nvme0n1 Jobs 5 TargetIOPS 200000 40000 Polling 0 ==
testing Engine pvread2 Dev /dev/nvme0n1 Jobs 5 TargetIOPS 200000 40000 Polling 1
testing Engine pvread2 Dev /dev/nvme0n1 Jobs 5 TargetIOPS 300000 Polling 0
== Engine pvread2 Dev /dev/nvme0n1 Jobs 5 TargetIOPS 300000 60000 Polling 0 ==
testing Engine pvread2 Dev /dev/nvme0n1 Jobs 5 TargetIOPS 300000 60000 Polling 1
testing Engine pvread2 Dev /dev/nvme0n1 Jobs 5 TargetIOPS 700000 Polling 0
== Engine pvread2 Dev /dev/nvme0n1 Jobs 5 TargetIOPS 700000 140000 Polling 0 ==
testing Engine pvread2 Dev /dev/nvme0n1 Jobs 5 TargetIOPS 700000 140000 Polling 1
testing Engine pvread2 Dev /dev/nvme0n1 Jobs 6 TargetIOPS 1000 Polling 0
== Engine pvread2 Dev /dev/nvme0n1 Jobs 6 TargetIOPS 1000 166 Polling 0 ==
testing Engine pvread2 Dev /dev/nvme0n1 Jobs 6 TargetIOPS 1000 166 Polling 1
testing Engine pvread2 Dev /dev/nvme0n1 Jobs 6 TargetIOPS 600000 Polling 0
== Engine pvread2 Dev /dev/nvme0n1 Jobs 6 TargetIOPS 600000 100000 Polling 0 ==
testing Engine pvread2 Dev /dev/nvme0n1 Jobs 6 TargetIOPS 600000 100000 Polling 1
testing Engine pvread2 Dev /dev/nvme0n1 Jobs 6 TargetIOPS 200000 Polling 0
== Engine pvread2 Dev /dev/nvme0n1 Jobs 6 TargetIOPS 200000 33333 Polling 0 ==
testing Engine pvread2 Dev /dev/nvme0n1 Jobs 6 TargetIOPS 200000 33333 Polling 1
testing Engine pvread2 Dev /dev/nvme0n1 Jobs 6 TargetIOPS 400000 Polling 0
== Engine pvread2 Dev /dev/nvme0n1 Jobs 6 TargetIOPS 400000 66666 Polling 0 ==
testing Engine pvread2 Dev /dev/nvme0n1 Jobs 6 TargetIOPS 400000 66666 Polling 1
testing Engine pvread2 Dev /dev/nvme0n1 Jobs 6 TargetIOPS 100000 Polling 0
== Engine pvread2 Dev /dev/nvme0n1 Jobs 6 TargetIOPS 100000 16666 Polling 0 ==
testing Engine pvread2 Dev /dev/nvme0n1 Jobs 6 TargetIOPS 100000 16666 Polling 1
testing Engine pvread2 Dev /dev/nvme0n1 Jobs 6 TargetIOPS 200000 Polling 0
== Engine pvread2 Dev /dev/nvme0n1 Jobs 6 TargetIOPS 200000 33333 Polling 0 ==
testing Engine pvread2 Dev /dev/nvme0n1 Jobs 6 TargetIOPS 200000 33333 Polling 1
testing Engine pvread2 Dev /dev/nvme0n1 Jobs 6 TargetIOPS 300000 Polling 0
== Engine pvread2 Dev /dev/nvme0n1 Jobs 6 TargetIOPS 300000 50000 Polling 0 ==
testing Engine pvread2 Dev /dev/nvme0n1 Jobs 6 TargetIOPS 300000 50000 Polling 1
testing Engine pvread2 Dev /dev/nvme0n1 Jobs 6 TargetIOPS 700000 Polling 0
== Engine pvread2 Dev /dev/nvme0n1 Jobs 6 TargetIOPS 700000 116666 Polling 0 ==
testing Engine pvread2 Dev /dev/nvme0n1 Jobs 6 TargetIOPS 700000 116666 Polling 1
testing Engine pvread2 Dev /dev/nvme0n1 Jobs 7 TargetIOPS 1000 Polling 0
== Engine pvread2 Dev /dev/nvme0n1 Jobs 7 TargetIOPS 1000 142 Polling 0 ==
testing Engine pvread2 Dev /dev/nvme0n1 Jobs 7 TargetIOPS 1000 142 Polling 1
testing Engine pvread2 Dev /dev/nvme0n1 Jobs 7 TargetIOPS 600000 Polling 0
== Engine pvread2 Dev /dev/nvme0n1 Jobs 7 TargetIOPS 600000 85714 Polling 0 ==
testing Engine pvread2 Dev /dev/nvme0n1 Jobs 7 TargetIOPS 600000 85714 Polling 1
testing Engine pvread2 Dev /dev/nvme0n1 Jobs 7 TargetIOPS 200000 Polling 0
== Engine pvread2 Dev /dev/nvme0n1 Jobs 7 TargetIOPS 200000 28571 Polling 0 ==
testing Engine pvread2 Dev /dev/nvme0n1 Jobs 7 TargetIOPS 200000 28571 Polling 1
testing Engine pvread2 Dev /dev/nvme0n1 Jobs 7 TargetIOPS 400000 Polling 0
== Engine pvread2 Dev /dev/nvme0n1 Jobs 7 TargetIOPS 400000 57142 Polling 0 ==
testing Engine pvread2 Dev /dev/nvme0n1 Jobs 7 TargetIOPS 400000 57142 Polling 1
testing Engine pvread2 Dev /dev/nvme0n1 Jobs 7 TargetIOPS 100000 Polling 0
== Engine pvread2 Dev /dev/nvme0n1 Jobs 7 TargetIOPS 100000 14285 Polling 0 ==
testing Engine pvread2 Dev /dev/nvme0n1 Jobs 7 TargetIOPS 100000 14285 Polling 1
testing Engine pvread2 Dev /dev/nvme0n1 Jobs 7 TargetIOPS 200000 Polling 0
== Engine pvread2 Dev /dev/nvme0n1 Jobs 7 TargetIOPS 200000 28571 Polling 0 ==
testing Engine pvread2 Dev /dev/nvme0n1 Jobs 7 TargetIOPS 200000 28571 Polling 1
testing Engine pvread2 Dev /dev/nvme0n1 Jobs 7 TargetIOPS 300000 Polling 0
== Engine pvread2 Dev /dev/nvme0n1 Jobs 7 TargetIOPS 300000 42857 Polling 0 ==
testing Engine pvread2 Dev /dev/nvme0n1 Jobs 7 TargetIOPS 300000 42857 Polling 1
testing Engine pvread2 Dev /dev/nvme0n1 Jobs 7 TargetIOPS 700000 Polling 0
== Engine pvread2 Dev /dev/nvme0n1 Jobs 7 TargetIOPS 700000 100000 Polling 0 ==
testing Engine pvread2 Dev /dev/nvme0n1 Jobs 7 TargetIOPS 700000 100000 Polling 1
testing Engine pvread2 Dev /dev/nvme0n1 Jobs 8 TargetIOPS 1000 Polling 0
== Engine pvread2 Dev /dev/nvme0n1 Jobs 8 TargetIOPS 1000 125 Polling 0 ==
testing Engine pvread2 Dev /dev/nvme0n1 Jobs 8 TargetIOPS 1000 125 Polling 1
testing Engine pvread2 Dev /dev/nvme0n1 Jobs 8 TargetIOPS 600000 Polling 0
== Engine pvread2 Dev /dev/nvme0n1 Jobs 8 TargetIOPS 600000 75000 Polling 0 ==
testing Engine pvread2 Dev /dev/nvme0n1 Jobs 8 TargetIOPS 600000 75000 Polling 1
testing Engine pvread2 Dev /dev/nvme0n1 Jobs 8 TargetIOPS 200000 Polling 0
== Engine pvread2 Dev /dev/nvme0n1 Jobs 8 TargetIOPS 200000 25000 Polling 0 ==
testing Engine pvread2 Dev /dev/nvme0n1 Jobs 8 TargetIOPS 200000 25000 Polling 1
testing Engine pvread2 Dev /dev/nvme0n1 Jobs 8 TargetIOPS 400000 Polling 0
== Engine pvread2 Dev /dev/nvme0n1 Jobs 8 TargetIOPS 400000 50000 Polling 0 ==
testing Engine pvread2 Dev /dev/nvme0n1 Jobs 8 TargetIOPS 400000 50000 Polling 1
testing Engine pvread2 Dev /dev/nvme0n1 Jobs 8 TargetIOPS 100000 Polling 0
== Engine pvread2 Dev /dev/nvme0n1 Jobs 8 TargetIOPS 100000 12500 Polling 0 ==
testing Engine pvread2 Dev /dev/nvme0n1 Jobs 8 TargetIOPS 100000 12500 Polling 1
testing Engine pvread2 Dev /dev/nvme0n1 Jobs 8 TargetIOPS 200000 Polling 0
== Engine pvread2 Dev /dev/nvme0n1 Jobs 8 TargetIOPS 200000 25000 Polling 0 ==
testing Engine pvread2 Dev /dev/nvme0n1 Jobs 8 TargetIOPS 200000 25000 Polling 1
testing Engine pvread2 Dev /dev/nvme0n1 Jobs 8 TargetIOPS 300000 Polling 0
== Engine pvread2 Dev /dev/nvme0n1 Jobs 8 TargetIOPS 300000 37500 Polling 0 ==
testing Engine pvread2 Dev /dev/nvme0n1 Jobs 8 TargetIOPS 300000 37500 Polling 1
testing Engine pvread2 Dev /dev/nvme0n1 Jobs 8 TargetIOPS 700000 Polling 0
== Engine pvread2 Dev /dev/nvme0n1 Jobs 8 TargetIOPS 700000 87500 Polling 0 ==
testing Engine pvread2 Dev /dev/nvme0n1 Jobs 8 TargetIOPS 700000 87500 Polling 1
