0000:01:00.0 (8086 f1a8): Skipping un-whitelisted NVMe controller 
0000:02:00.0 (8086 2700): Already using the nvme driver
== Engine aio Dev /dev/nvme0n1 IOdepth 1 ==
Starting SPDK v20.04-pre git sha1 72b9af55f / DPDK 19.11.0 initialization...
[ DPDK EAL parameters: perf --no-shconf -c 0x1 --log-level=lib.eal:6 --log-level=lib.cryptodev:5 --log-level=user1:6 --iova-mode=pa --base-virtaddr=0x200000000000 --match-allocations --file-prefix=spdk_pid21804 ]
Initializing NVMe Controllers
Associating /dev/nvme0n1 with lcore 0
Initialization complete. Launching workers.
========================================================
                                                             Latency(us)
Device Information       :       IOPS      MiB/s    Average        min        max
/dev/nvme0n1 from core  0:   94029.30     367.30      10.62       9.37     114.58
========================================================
Total                    :   94029.30     367.30      10.62       9.37     114.58

Summary latency data for /dev/nvme0n1                                from core 0:
=================================================================================
  1.00000% :     9.899us
 10.00000% :    10.453us
 25.00000% :    10.453us
 50.00000% :    10.539us
 75.00000% :    10.581us
 90.00000% :    10.709us
 95.00000% :    10.795us
 98.00000% :    11.008us
 99.00000% :    11.861us
 99.50000% :    19.029us
 99.90000% :    36.864us
 99.99000% :    43.520us
 99.99900% :    46.421us
 99.99990% :    55.296us
 99.99999% :   114.688us

== Engine spdk Dev /dev/nvme0n1 IOdepth 1 ==
0000:01:00.0 (8086 f1a8): Skipping un-whitelisted NVMe controller at 0000:01:00.0
0000:02:00.0 (8086 2700): nvme -> uio_pci_generic
Starting SPDK v20.04-pre git sha1 72b9af55f / DPDK 19.11.0 initialization...
[ DPDK EAL parameters: perf --no-shconf -c 0x1 --log-level=lib.eal:6 --log-level=lib.cryptodev:5 --log-level=user1:6 --iova-mode=pa --base-virtaddr=0x200000000000 --match-allocations --file-prefix=spdk_pid22199 ]
Initializing NVMe Controllers
Attached to NVMe Controller at 0000:02:00.0 [8086:2700]
Associating PCIE (0000:02:00.0) with lcore 0
Initialization complete. Launching workers.
========================================================
                                                                    Latency(us)
Device Information              :       IOPS      MiB/s    Average        min        max
PCIE (0000:02:00.0) from core  0:  120326.70     470.03       8.29       6.95     174.29
========================================================
Total                           :  120326.70     470.03       8.29       6.95     174.29

Summary latency data for PCIE (0000:02:00.0)                         from core 0:
=================================================================================
  1.00000% :     7.680us
 10.00000% :     8.107us
 25.00000% :     8.107us
 50.00000% :     8.192us
 75.00000% :     8.235us
 90.00000% :     8.320us
 95.00000% :     8.448us
 98.00000% :     8.619us
 99.00000% :     9.429us
 99.50000% :    20.395us
 99.90000% :    35.499us
 99.99000% :    41.301us
 99.99900% :    45.739us
 99.99990% :    50.517us
 99.99999% :   174.763us

0000:01:00.0 (8086 f1a8): Skipping un-whitelisted NVMe controller 
0000:02:00.0 (8086 2700): uio_pci_generic -> nvme
== Engine aio Dev /dev/nvme0n1 IOdepth 2 ==
Starting SPDK v20.04-pre git sha1 72b9af55f / DPDK 19.11.0 initialization...
[ DPDK EAL parameters: perf --no-shconf -c 0x1 --log-level=lib.eal:6 --log-level=lib.cryptodev:5 --log-level=user1:6 --iova-mode=pa --base-virtaddr=0x200000000000 --match-allocations --file-prefix=spdk_pid22636 ]
Initializing NVMe Controllers
Associating /dev/nvme0n1 with lcore 0
Initialization complete. Launching workers.
========================================================
                                                             Latency(us)
Device Information       :       IOPS      MiB/s    Average        min        max
/dev/nvme0n1 from core  0:  174332.17     680.99      11.46       9.25     111.68
========================================================
Total                    :  174332.17     680.99      11.46       9.25     111.68

Summary latency data for /dev/nvme0n1                                from core 0:
=================================================================================
  1.00000% :     9.984us
 10.00000% :    10.837us
 25.00000% :    11.179us
 50.00000% :    11.264us
 75.00000% :    11.605us
 90.00000% :    11.947us
 95.00000% :    12.203us
 98.00000% :    12.885us
 99.00000% :    16.469us
 99.50000% :    18.603us
 99.90000% :    39.936us
 99.99000% :    46.080us
 99.99900% :    50.517us
 99.99990% :    57.003us
 99.99999% :   111.957us

== Engine spdk Dev /dev/nvme0n1 IOdepth 2 ==
0000:01:00.0 (8086 f1a8): Skipping un-whitelisted NVMe controller at 0000:01:00.0
0000:02:00.0 (8086 2700): nvme -> uio_pci_generic
Starting SPDK v20.04-pre git sha1 72b9af55f / DPDK 19.11.0 initialization...
[ DPDK EAL parameters: perf --no-shconf -c 0x1 --log-level=lib.eal:6 --log-level=lib.cryptodev:5 --log-level=user1:6 --iova-mode=pa --base-virtaddr=0x200000000000 --match-allocations --file-prefix=spdk_pid23031 ]
Initializing NVMe Controllers
Attached to NVMe Controller at 0000:02:00.0 [8086:2700]
Associating PCIE (0000:02:00.0) with lcore 0
Initialization complete. Launching workers.
========================================================
                                                                    Latency(us)
Device Information              :       IOPS      MiB/s    Average        min        max
PCIE (0000:02:00.0) from core  0:  244546.87     955.26       8.16       6.80     267.59
========================================================
Total                           :  244546.87     955.26       8.16       6.80     267.59

Summary latency data for PCIE (0000:02:00.0)                         from core 0:
=================================================================================
  1.00000% :     7.339us
 10.00000% :     7.851us
 25.00000% :     7.893us
 50.00000% :     7.936us
 75.00000% :     8.021us
 90.00000% :     8.192us
 95.00000% :     8.747us
 98.00000% :     9.344us
 99.00000% :    21.504us
 99.50000% :    22.357us
 99.90000% :    37.035us
 99.99000% :    42.496us
 99.99900% :    49.493us
 99.99990% :    54.955us
 99.99999% :   267.605us

0000:01:00.0 (8086 f1a8): Skipping un-whitelisted NVMe controller 
0000:02:00.0 (8086 2700): uio_pci_generic -> nvme
== Engine aio Dev /dev/nvme0n1 IOdepth 4 ==
Starting SPDK v20.04-pre git sha1 72b9af55f / DPDK 19.11.0 initialization...
[ DPDK EAL parameters: perf --no-shconf -c 0x1 --log-level=lib.eal:6 --log-level=lib.cryptodev:5 --log-level=user1:6 --iova-mode=pa --base-virtaddr=0x200000000000 --match-allocations --file-prefix=spdk_pid23612 ]
Initializing NVMe Controllers
Associating /dev/nvme0n1 with lcore 0
Initialization complete. Launching workers.
========================================================
                                                             Latency(us)
Device Information       :       IOPS      MiB/s    Average        min        max
/dev/nvme0n1 from core  0:  345367.83    1349.09      11.56       9.12      90.66
========================================================
Total                    :  345367.83    1349.09      11.56       9.12      90.66

Summary latency data for /dev/nvme0n1                                from core 0:
=================================================================================
  1.00000% :     9.600us
 10.00000% :    10.453us
 25.00000% :    10.923us
 50.00000% :    11.093us
 75.00000% :    11.776us
 90.00000% :    12.629us
 95.00000% :    13.397us
 98.00000% :    19.712us
 99.00000% :    22.187us
 99.50000% :    23.723us
 99.90000% :    44.032us
 99.99000% :    47.787us
 99.99900% :    54.955us
 99.99990% :    61.099us
 99.99999% :    90.112us

== Engine spdk Dev /dev/nvme0n1 IOdepth 4 ==
0000:01:00.0 (8086 f1a8): Skipping un-whitelisted NVMe controller at 0000:01:00.0
0000:02:00.0 (8086 2700): nvme -> uio_pci_generic
Starting SPDK v20.04-pre git sha1 72b9af55f / DPDK 19.11.0 initialization...
[ DPDK EAL parameters: perf --no-shconf -c 0x1 --log-level=lib.eal:6 --log-level=lib.cryptodev:5 --log-level=user1:6 --iova-mode=pa --base-virtaddr=0x200000000000 --match-allocations --file-prefix=spdk_pid24007 ]
Initializing NVMe Controllers
Attached to NVMe Controller at 0000:02:00.0 [8086:2700]
Associating PCIE (0000:02:00.0) with lcore 0
Initialization complete. Launching workers.
========================================================
                                                                    Latency(us)
Device Information              :       IOPS      MiB/s    Average        min        max
PCIE (0000:02:00.0) from core  0:  466153.03    1820.91       8.56       6.77     167.04
========================================================
Total                           :  466153.03    1820.91       8.56       6.77     167.04

Summary latency data for PCIE (0000:02:00.0)                         from core 0:
=================================================================================
  1.00000% :     7.083us
 10.00000% :     7.509us
 25.00000% :     7.936us
 50.00000% :     8.192us
 75.00000% :     8.789us
 90.00000% :     9.088us
 95.00000% :     9.429us
 98.00000% :    17.067us
 99.00000% :    24.064us
 99.50000% :    25.771us
 99.90000% :    39.765us
 99.99000% :    43.349us
 99.99900% :    51.541us
 99.99990% :    56.320us
 99.99999% :   166.571us

