== Engine spdk Dev /dev/nvme0n1 IOdepth 1 ==
0000:01:00.0 (8086 f1a8): Skipping un-whitelisted NVMe controller at 0000:01:00.0
0000:02:00.0 (8086 2700): nvme -> uio_pci_generic
Starting SPDK v20.04-pre git sha1 72b9af55f / DPDK 19.11.0 initialization...
[ DPDK EAL parameters: perf --no-shconf -c 0x1 --log-level=lib.eal:6 --log-level=lib.cryptodev:5 --log-level=user1:6 --iova-mode=pa --base-virtaddr=0x200000000000 --match-allocations --file-prefix=spdk_pid2236 ]
Initializing NVMe Controllers
Attached to NVMe Controller at 0000:02:00.0 [8086:2700]
Associating PCIE (0000:02:00.0) with lcore 0
Initialization complete. Launching workers.
========================================================
                                                                    Latency(us)
Device Information              :       IOPS      MiB/s    Average        min        max
PCIE (0000:02:00.0) from core  0:  120231.40     469.65       8.30       6.87    5499.76
========================================================
Total                           :  120231.40     469.65       8.30       6.87    5499.76

Summary latency data for PCIE (0000:02:00.0)                         from core 0:
=================================================================================
  1.00000% :     7.637us
 10.00000% :     8.107us
 25.00000% :     8.107us
 50.00000% :     8.192us
 75.00000% :     8.235us
 90.00000% :     8.320us
 95.00000% :     8.448us
 98.00000% :     8.661us
 99.00000% :     9.429us
 99.50000% :    20.480us
 99.90000% :    34.987us
 99.99000% :    40.789us
 99.99900% :    52.907us
 99.99990% :   592.555us
 99.99999% :  5505.024us

0000:01:00.0 (8086 f1a8): Skipping un-whitelisted NVMe controller 
0000:02:00.0 (8086 2700): uio_pci_generic -> nvme
== Engine aio Dev /dev/nvme0n1 IOdepth 1 ==
Starting SPDK v20.04-pre git sha1 72b9af55f / DPDK 19.11.0 initialization...
[ DPDK EAL parameters: perf --no-shconf -c 0x1 --log-level=lib.eal:6 --log-level=lib.cryptodev:5 --log-level=user1:6 --iova-mode=pa --base-virtaddr=0x200000000000 --match-allocations --file-prefix=spdk_pid3007 ]
Initializing NVMe Controllers
Associating /dev/nvme0n1 with lcore 0
Initialization complete. Launching workers.
========================================================
                                                             Latency(us)
Device Information       :       IOPS      MiB/s    Average        min        max
/dev/nvme0n1 from core  0:   93636.30     365.77      10.66       9.40     287.89
========================================================
Total                    :   93636.30     365.77      10.66       9.40     287.89

Summary latency data for /dev/nvme0n1                                from core 0:
=================================================================================
  1.00000% :     9.941us
 10.00000% :    10.453us
 25.00000% :    10.496us
 50.00000% :    10.581us
 75.00000% :    10.624us
 90.00000% :    10.752us
 95.00000% :    10.837us
 98.00000% :    11.008us
 99.00000% :    11.947us
 99.50000% :    20.907us
 99.90000% :    36.693us
 99.99000% :    43.179us
 99.99900% :    47.445us
 99.99990% :    65.536us
 99.99999% :   288.085us

